[19/Sep/25 19:12:09] https://www.youtube.com/watch?v=DN1wxbA_vUY
[19/Sep/25 19:13:03] https://www.youtube.com/watch?v=DN1wxbA_vUY |time=35
[19/Sep/25 19:13:05] https://www.youtube.com/watch?v=DN1wxbA_vUY |time=35
[19/Sep/25 19:13:08] https://www.youtube.com/watch?v=DN1wxbA_vUY |time=35
[19/Sep/25 19:16:05] https://www.youtube.com/watch?v=xhaB_JDv_T0
[19/Sep/25 19:19:01] https://www.youtube.com/watch?v=xhaB_JDv_T0
[19/Sep/25 19:26:20] https://www.youtube.com/watch?v=eTplxWaAD8o
[19/Sep/25 19:27:27] https://www.youtube.com/watch?v=UJxVijKzg3E
[19/Sep/25 19:27:33] https://www.youtube.com/watch?v=4op55SLTLtc
[19/Sep/25 19:27:38] https://www.youtube.com/watch?v=g1TbFeXUbv8
[19/Sep/25 19:27:44] https://www.youtube.com/watch?v=vCTRNKPJr40
[19/Sep/25 21:05:53] https://youtu.be/rjMZV0jgjL4
[19/Sep/25 21:34:58] https://youtu.be/66YZw7TRNJg
[19/Sep/25 21:35:42] magnet:?xt=urn:btih:2b5a0acbf643ba33baab81e9f1f712ae0c0258db&dn=%5BErai-raws%5D%20Yofukashi%20no%20Uta%20Season%202%20-%2012%20%5B1080p%20HIDIVE%20WEB-DL%20AVC%20AAC%5D%5B594CBED2%5D&tr=http%3A%2F%2Fnyaa.tracker.wf%3A7777%2Fannounce&tr=udp%3A%2F%2Fopen.stealth.si%3A80%2Fannounce&tr=udp%3A%2F%2Ftracker.opentrackr.org%3A1337%2Fannounce&tr=udp%3A%2F%2Fexodus.desync.com%3A6969%2Fannounce&tr=udp%3A%2F%2Ftracker.torrent.eu.org%3A451%2Fannounce
[19/Sep/25 21:36:18] https://www.youtube.com/watch?v=0NOGslZO9o4
[19/Sep/25 21:36:24] https://www.youtube.com/watch?v=7uyMcwpFHiU
[19/Sep/25 21:39:28] https://www.youtube.com/watch?v=itJhUrEp_0E
[19/Sep/25 21:39:36] https://www.youtube.com/watch?v=X3aKe8n6NLo
[19/Sep/25 21:39:37] https://www.youtube.com/watch?v=0NOGslZO9o4
[19/Sep/25 22:33:51] https://www.youtube.com/watch?v=7uyMcwpFHiU
[19/Sep/25 22:37:34] https://www.youtube.com/watch?v=EkdKMIjQZj8&t=1411s&pp=0gcJCeAJAYcqIYzv
[19/Sep/25 22:40:19] magnet:?xt=urn:btih:b9887e246f2263bee3b5e37a908131acaaae6973&dn=%5BJudas%5D%20Yofukashi%20no%20Uta%20%28Call%20of%20the%20Night%29%20-%20S02E12%20%5B1080p%5D%5BHEVC%20x265%2010bit%5D%5BEng-Subs%5D%20%28Weekly%29&tr=http%3A%2F%2Fnyaa.tracker.wf%3A7777%2Fannounce&tr=udp%3A%2F%2Fopen.stealth.si%3A80%2Fannounce&tr=udp%3A%2F%2Ftracker.opentrackr.org%3A1337%2Fannounce&tr=udp%3A%2F%2Fexodus.desync.com%3A6969%2Fannounce&tr=udp%3A%2F%2Ftracker.torrent.eu.org%3A451%2Fannounce
[19/Sep/25 23:27:18] https://www.youtube.com/watch?v=1fx1hh3m1Fw
[19/Sep/25 23:27:40] https://www.youtube.com/watch?v=4op55SLTLtc
[19/Sep/25 23:28:35] https://www.youtube.com/watch?v=ylPEBnmRRxQ&pp=0gcJCeAJAYcqIYzv
[19/Sep/25 23:30:39] https://www.youtube.com/watch?v=HZLngA-m1_E
[19/Sep/25 23:30:49] https://www.youtube.com/watch?v=K6ZaMNGsD4A
[19/Sep/25 23:30:57] https://www.youtube.com/watch?v=MW6p0ZOoQhE
[19/Sep/25 23:31:01] https://www.youtube.com/watch?v=66YZw7TRNJg
[20/Sep/25 00:07:31] https://fxtwitter.com/GenshinImpact/status/1968888029587677292
[20/Sep/25 00:32:10] https://www.youtube.com/watch?v=OfOPrmnHRxw&pp=0gcJCeAJAYcqIYzv
[20/Sep/25 01:37:16] https://www.youtube.com/watch?v=pNBnUIbkbmA
[20/Sep/25 01:58:17] https://www.youtube.com/watch?v=4iXenMW9nHA
[20/Sep/25 02:01:18] https://www.youtube.com/watch?v=4iXenMW9nHA
[20/Sep/25 02:01:34] https://www.youtube.com/watch?v=DS04LMQjQUs
[20/Sep/25 03:56:43] https://www.youtube.com/watch?v=7gtc1DW2Tgo
[20/Sep/25 03:57:05] https://www.youtube.com/watch?v=SwSEWsUCkuE&pp=0gcJCeAJAYcqIYzv
[20/Sep/25 04:13:28] https://www.youtube.com/watch?v=mT0bevocvJs
[20/Sep/25 10:33:16] https://www.youtube.com/watch?v=mT0bevocvJs
[20/Sep/25 10:35:09] https://www.youtube.com/watch?v=2_opjVlYhi4
[20/Sep/25 10:37:12] https://www.youtube.com/watch?v=2_opjVlYhi4
[20/Sep/25 13:22:44] https://youtu.be/AEEvGbfkHLc
[20/Sep/25 13:23:00] https://youtu.be/AEEvGbfkHLc
[20/Sep/25 13:55:49] https://youtu.be/AEEvGbfkHLc?t=1140
[20/Sep/25 14:46:52] https://www.youtube.com/watch?v=Hwxqvwn7XKA
[20/Sep/25 18:14:49] https://youtu.be/wSV1UFbhJ-A
[20/Sep/25 18:20:49] https://youtu.be/K3Qzzggn--s
[21/Sep/25 02:16:30] https://youtu.be/g1TbFeXUbv8
[21/Sep/25 02:59:07] https://www.youtube.com/watch?v=4iXenMW9nHA
[21/Sep/25 03:01:44] https://www.youtube.com/watch?v=GSYnRyO-CDY
[21/Sep/25 03:02:02] https://www.youtube.com/watch?v=4zgPH-yyCeg
[21/Sep/25 03:02:10] https://www.youtube.com/watch?v=ylPEBnmRRxQ
[21/Sep/25 03:07:49] https://www.youtube.com/watch?v=42ST8YsvcTE
[21/Sep/25 03:09:13] https://animethemes.moe/anime/nageki_no_bourei_wa_intai_shitai/ED1
[21/Sep/25 03:09:35] https://animethemes.moe/anime/nageki_no_bourei_wa_intai_shitai/ED1
[21/Sep/25 03:12:29] https://www.youtube.com/watch?v=42ST8YsvcTE
[21/Sep/25 03:13:07] https://www.youtube.com/watch?v=42ST8YsvcTE&t=1064s
[21/Sep/25 03:13:30] https://www.youtube.com/watch?v=42ST8YsvcTE
[21/Sep/25 03:13:44] https://www.youtube.com/watch?v=42ST8YsvcTE&t=1064s
[21/Sep/25 03:14:28] https://www.youtube.com/watch?v=42ST8YsvcTE
[21/Sep/25 03:15:39] https://www.youtube.com/watch?v=42ST8YsvcTE
[21/Sep/25 03:27:55] https://yp.birds.web.id/YP-1S-01x07.mkv
[21/Sep/25 03:30:09] https://yp.birds.web.id/YP-1S-01x07.mkv
[21/Sep/25 03:30:11] https://yp.birds.web.id/YP-1S-01x07.mkv
[21/Sep/25 03:30:15] https://yp.birds.web.id/YP-1S-01x07.mkv
[21/Sep/25 03:32:33] https://yp.birds.web.id/YP-1S-01x07.mkv
[21/Sep/25 03:33:28] https://yp.birds.web.id/YP-1S-01x07.mkv |time=59
[21/Sep/25 03:33:56] https://yp.birds.web.id/YP-1S-01x07.mkv |time=59
[21/Sep/25 03:35:08] https://www.youtube.com/watch?v=UFZ0P35K8rg&pp=ugUEEgJlbg%3D%3D
[21/Sep/25 03:37:00] https://www.youtube.com/watch?v=xhaB_JDv_T0
[21/Sep/25 03:46:20] https://youtu.be/UwFjIDXa7Uc
[21/Sep/25 03:46:28] https://youtu.be/_XNDUlcX1ZY
[21/Sep/25 14:54:29] https://www.youtube.com/watch?v=eTplxWaAD8o
[21/Sep/25 20:16:20] magnet:?xt=urn:btih:d11f965467414589ae7b4f4a0863d9a65d244370&dn=%5BJudas%5D%20One%20Piece%20-%201089%20%5B1080p%5D%5BHEVC%20x265%2010bit%5D%5BMulti-Subs%5D%20%28Weekly%29&tr=http%3A%2F%2Fnyaa.tracker.wf%3A7777%2Fannounce&tr=udp%3A%2F%2Fopen.stealth.si%3A80%2Fannounce&tr=udp%3A%2F%2Ftracker.opentrackr.org%3A1337%2Fannounce&tr=udp%3A%2F%2Fexodus.desync.com%3A6969%2Fannounce&tr=udp%3A%2F%2Ftracker.torrent.eu.org%3A451%2Fannounce
[21/Sep/25 20:16:26] magnet:?xt=urn:btih:74df6d0bcbeef4d7a27f16d818d605d4cad7ac95&dn=%5BJudas%5D%20One%20Piece%20-%201090%20%5B1080p%5D%5BHEVC%20x265%2010bit%5D%5BMulti-Subs%5D%20%28Weekly%29&tr=http%3A%2F%2Fnyaa.tracker.wf%3A7777%2Fannounce&tr=udp%3A%2F%2Fopen.stealth.si%3A80%2Fannounce&tr=udp%3A%2F%2Ftracker.opentrackr.org%3A1337%2Fannounce&tr=udp%3A%2F%2Fexodus.desync.com%3A6969%2Fannounce&tr=udp%3A%2F%2Ftracker.torrent.eu.org%3A451%2Fannounce
[21/Sep/25 20:18:11] https://animepahe.si/play/0b10585b-1cde-b888-ecda-5e12c5392a34/91ce7638b520a3f8678cf5cb4dcdb829418f6fbfa6af2b089f0ec2269d602db8
[21/Sep/25 20:18:26] https://pahe.win/veqWg
[21/Sep/25 20:19:57] magnet:?xt=urn:btih:81f641ec9ddfe8e488ae6769c1ed0590aedd6e6f&dn=%5BASW%5D%20Ruri%20no%20Houseki%20-%2001%20%5B1080p%20HEVC%20x265%2010Bit%5D%5BAAC%5D&tr=http%3A%2F%2Fnyaa.tracker.wf%3A7777%2Fannounce&tr=udp%3A%2F%2Fopen.stealth.si%3A80%2Fannounce&tr=udp%3A%2F%2Ftracker.opentrackr.org%3A1337%2Fannounce&tr=udp%3A%2F%2Fexodus.desync.com%3A6969%2Fannounce&tr=udp%3A%2F%2Ftracker.torrent.eu.org%3A451%2Fannounce
[21/Sep/25 20:24:01] magnet:?xt=urn:btih:ad23955a31e7adefb7b47251d06d933ac0ecd2ec&dn=%5BJudas%5D%20Sono%20Bisque%20Doll%20wa%20Koi%20o%20Suru%20%28My%20Dress-Up%20Darling%29%20-%20S02E01%20%5B1080p%5D%5BHEVC%20x265%2010bit%5D%5BMulti-Subs%5D%20%28Weekly%29&tr=http%3A%2F%2Fnyaa.tracker.wf%3A7777%2Fannounce&tr=udp%3A%2F%2Fopen.stealth.si%3A80%2Fannounce&tr=udp%3A%2F%2Ftracker.opentrackr.org%3A1337%2Fannounce&tr=udp%3A%2F%2Fexodus.desync.com%3A6969%2Fannounce&tr=udp%3A%2F%2Ftracker.torrent.eu.org%3A451%2Fannounce
[21/Sep/25 20:53:57] magnet:?xt=urn:btih:ad23955a31e7adefb7b47251d06d933ac0ecd2ec&dn=%5BJudas%5D%20Sono%20Bisque%20Doll%20wa%20Koi%20o%20Suru%20%28My%20Dress-Up%20Darling%29%20-%20S02E01%20%5B1080p%5D%5BHEVC%20x265%2010bit%5D%5BMulti-Subs%5D%20%28Weekly%29&tr=http%3A%2F%2Fnyaa.tracker.wf%3A7777%2Fannounce&tr=udp%3A%2F%2Fopen.stealth.si%3A80%2Fannounce&tr=udp%3A%2F%2Ftracker.opentrackr.org%3A1337%2Fannounce&tr=udp%3A%2F%2Fexodus.desync.com%3A6969%2Fannounce&tr=udp%3A%2F%2Ftracker.torrent.eu.org%3A451%2Fannounce
[21/Sep/25 21:06:35] magnet:?xt=urn:btih:a5c43cbc6c0a7ef5428f1340791dfdc8c61090cd&dn=%5BASW%5D%20Yofukashi%20no%20Uta%20S2%20-%2012%20%5B1080p%20HEVC%20x265%2010Bit%5D%5BAAC%5D&tr=http%3A%2F%2Fnyaa.tracker.wf%3A7777%2Fannounce&tr=udp%3A%2F%2Fopen.stealth.si%3A80%2Fannounce&tr=udp%3A%2F%2Ftracker.opentrackr.org%3A1337%2Fannounce&tr=udp%3A%2F%2Fexodus.desync.com%3A6969%2Fannounce&tr=udp%3A%2F%2Ftracker.torrent.eu.org%3A451%2Fannounce
[21/Sep/25 21:08:53] https://www.youtube.com/watch?v=xhaB_JDv_T0
[21/Sep/25 21:09:06] https://www.youtube.com/watch?v=n-x4ttQioNw
[21/Sep/25 23:01:14] https://www.youtube.com/watch?v=PMgUAhcETsQ
[21/Sep/25 23:01:20] https://www.youtube.com/watch?v=tsNiBVysDJk
[21/Sep/25 23:09:25] https://www.youtube.com/watch?v=tsNiBVysDJk
[22/Sep/25 01:36:43] /home/faaridf/IMPORTANT/recovered/Video/Asuka's solo - Hibike! Euphonium S2E09.mp4
[22/Sep/25 01:36:49] /home/faaridf/IMPORTANT/recovered/Video/Asuka's solo - Hibike! Euphonium S2E09.mp4 |time=15
[22/Sep/25 01:51:02] /home/faaridf/IMPORTANT/recovered/Video/Jingliu 【崩壊：スターレイル】秘色の月 - HoYofair 2025【にじさんじ_リゼ・ヘルエスタ】.mp4
[22/Sep/25 02:12:29] /home/faaridf/IMPORTANT/recovered/Video/Vysache Vorpal.webm
[22/Sep/25 02:15:40] /home/faaridf/IMPORTANT/recovered/Video/wpnLQgzML5cUphTY.mp4
[22/Sep/25 02:18:35] /home/faaridf/IMPORTANT/recovered/Video/【Kanaria】BRAIN [h4HkXR3NSI4].webm
[23/Sep/25 02:37:44] https://www.youtube.com/watch?v=3sw6A7oa2cM&pp=0gcJCesJAYcqIYzv
[23/Sep/25 02:38:32] https://www.youtube.com/watch?v=asqhVnGXnYk
[23/Sep/25 02:38:38] https://www.youtube.com/watch?v=ehLY8Ck7KOw&pp=0gcJCesJAYcqIYzv
[23/Sep/25 02:38:49] https://www.youtube.com/watch?v=KlTNKOnfXFk
[23/Sep/25 02:57:43] https://www.youtube.com/watch?v=yIb0zvuefuk
[23/Sep/25 02:58:20] https://www.youtube.com/watch?v=yIb0zvuefuk
[23/Sep/25 03:01:37] https://www.youtube.com/watch?v=bkGCeyzjEiA
[23/Sep/25 03:03:21] https://www.youtube.com/watch?v=HesVmHxoS-k
[25/Sep/25 16:13:00] https://www.youtube.com/watch?v=pNBnUIbkbmA
[25/Sep/25 16:14:46] https://www.youtube.com/watch?v=ehLY8Ck7KOw
[25/Sep/25 16:15:46] https://www.youtube.com/watch?v=eV5cQokt7Kk
[25/Sep/25 16:17:42] https://www.youtube.com/watch?v=pBk57PDvvS0
[25/Sep/25 16:18:29] https://www.youtube.com/watch?v=U84EMkC-dT8
[25/Sep/25 16:19:03] https://www.youtube.com/watch?v=c8FCH-crxvA
[25/Sep/25 16:19:39] https://www.youtube.com/watch?v=gezLwkecvHw
[25/Sep/25 16:20:03] https://www.youtube.com/watch?v=2E2El1kdooM
[25/Sep/25 16:21:24] https://www.youtube.com/watch?v=2E2El1kdooM |time=9
[25/Sep/25 16:21:25] https://www.youtube.com/watch?v=2E2El1kdooM
[25/Sep/25 16:28:00] https://www.youtube.com/watch?v=P8-zTes6Kq8
[25/Sep/25 16:28:24] https://www.youtube.com/watch?v=Ko3Xg_sKq0w
[25/Sep/25 16:49:32] https://www.youtube.com/watch?v=fbJiRfIp_cU
[25/Sep/25 16:50:33] https://www.youtube.com/watch?v=Ko3Xg_sKq0w
[25/Sep/25 16:50:56] https://www.youtube.com/watch?v=fbJiRfIp_cU
[25/Sep/25 16:52:27] https://www.youtube.com/watch?v=HAvUfmKHAYY
[25/Sep/25 16:52:42] https://www.youtube.com/watch?v=yoHR8qwuqmY&pp=0gcJCesJAYcqIYzv
[25/Sep/25 16:53:13] https://www.youtube.com/watch?v=MKcJPHLLjCI
[25/Sep/25 16:53:31] https://www.youtube.com/watch?v=Tgli1xUKX5s
[25/Sep/25 16:53:42] https://www.youtube.com/watch?v=hEOgOtK4iGk
[25/Sep/25 16:54:58] https://www.youtube.com/watch?v=fbJiRfIp_cU
[25/Sep/25 17:05:30] https://www.youtube.com/watch?v=yoHR8qwuqmY&pp=0gcJCesJAYcqIYzv
[25/Sep/25 17:18:31] https://www.youtube.com/watch?v=CbQGeaa8XrQ
[25/Sep/25 17:29:52] https://tools.fast4speed.rsvp//media9/videos/5FYQwxEPq4YdppRKK/sub/12?v=22
[25/Sep/25 17:29:54] https://tools.fast4speed.rsvp//media9/videos/5FYQwxEPq4YdppRKK/sub/12?v=22
[27/Sep/25 03:10:15] https://youtu.be/RypOHapqCeQ
[27/Sep/25 16:33:23] https://youtu.be/uSMm6p8H_LA?t=120
[27/Sep/25 16:54:56] https://youtu.be/uSMm6p8H_LA
[27/Sep/25 18:38:14] https://www.youtube.com/watch?v=Nespci_pa1g
[27/Sep/25 18:38:49] https://www.youtube.com/watch?v=Nespci_pa1g
[27/Sep/25 20:46:23] https://youtu.be/5h3OlEBuBhY
[27/Sep/25 20:48:57] https://youtu.be/5h3OlEBuBhY
[27/Sep/25 20:51:32] https://youtu.be/Xj62KxHfYlY
[28/Sep/25 00:34:49] https://youtu.be/Xj62KxHfYlY
[28/Sep/25 01:03:48] https://youtu.be/Xj62KxHfYlY
[28/Sep/25 02:22:39] https://youtu.be/Xj62KxHfYlY |time=2483
[28/Sep/25 02:48:18] https://youtu.be/Xj62KxHfYlY?t=2591
[28/Sep/25 02:53:27] https://youtu.be/sxC3Fg98AKE
[28/Sep/25 16:33:35] /home/faaridf/Downloads/UNDERTALE - Undertale [5p_RO6hPrho].webm
[28/Sep/25 16:34:14] https://www.youtube.com/watch?v=5p_RO6hPrho
[28/Sep/25 16:40:03] https://www.cineby.app/movie/1163194
[29/Sep/25 22:37:52] https://www.youtube.com/watch?v=xhaB_JDv_T0
[29/Sep/25 22:47:21] https://www.youtube.com/watch?v=nDw91poHomA
[29/Sep/25 22:50:00] https://youtu.be/g1TbFeXUbv8
[29/Sep/25 22:52:14] https://www.youtube.com/watch?v=vhgqhq4075w
[29/Sep/25 22:56:41] https://www.youtube.com/watch?v=5kz1c1bvKMQ
[29/Sep/25 22:57:15] https://www.youtube.com/watch?v=5h3OlEBuBhY
[29/Sep/25 23:01:15] https://youtu.be/K6ZaMNGsD4A
[29/Sep/25 23:01:19] https://www.youtube.com/watch?v=PWrYfezIBFc
[30/Sep/25 02:02:01] https://youtu.be/u5rxrgdRLGA
[30/Sep/25 02:31:54] https://youtu.be/u5rxrgdRLGA
[30/Sep/25 22:19:28] https://www.youtube.com/watch?v=KpDackXkdm0
[30/Sep/25 22:19:52] https://www.youtube.com/watch?v=a5E4_uFYFJ0
[30/Sep/25 22:20:07] https://www.youtube.com/watch?v=xg6jepvOsyw
[30/Sep/25 22:30:48] https://www.youtube.com/watch?v=c_c5FPFdSow
[30/Sep/25 22:30:58] https://www.youtube.com/watch?v=7ruRB3lpy3k
[30/Sep/25 22:34:49] https://www.youtube.com/watch?v=xg6jepvOsyw
[30/Sep/25 22:41:39] https://www.youtube.com/watch?v=c_c5FPFdSow
[30/Sep/25 22:46:00] https://www.youtube.com/watch?v=7ruRB3lpy3k
[01/Oct/25 01:31:36] https://instagram.flhe7-2.fna.fbcdn.net/o1/v/t2/f2/m86/AQNe4xLG7U9K_ZUHKfxvShne2l3C4GK5saJj2yDTQYHfKhPlQrC8rpUqkGySiUhxoOawwEjAMUc5JThjXHuG8l1UE2GlzoFikcNqqpc.mp4?_nc_cat=103&_nc_oc=Adnzm-QXsitFz5GDCZIiBHJeMck_7VGu3jPmPzzeE5OjZstOcedh3VYFr35LWCAbwPs&_nc_sid=5e9851&_nc_ht=instagram.flhe7-2.fna.fbcdn.net&_nc_ohc=kKnWceo_X1IQ7kNvwHMKUHT&efg=eyJ2ZW5jb2RlX3RhZyI6Inhwdl9wcm9ncmVzc2l2ZS5JTlNUQUdSQU0uQ0xJUFMuQzMuMTI4MC5kYXNoX2Jhc2VsaW5lXzFfdjEiLCJ4cHZfYXNzZXRfaWQiOjk5NDA1MDAxOTQ3MzMxNiwidmlfdXNlY2FzZV9pZCI6MTAwOTksImR1cmF0aW9uX3MiOjIyLCJ1cmxnZW5fc291cmNlIjoid3d3In0%3D&ccb=17-1&vs=f851e4395e3077e9&_nc_vs=HBksFQIYUmlnX3hwdl9yZWVsc19wZXJtYW5lbnRfc3JfcHJvZC80NjQyOTc4NjZCNzA5MzlGRkFGN0UzN0ExRDBFQUVBMl92aWRlb19kYXNoaW5pdC5tcDQVAALIARIAFQIYOnBhc3N0aHJvdWdoX2V2ZXJzdG9yZS9HTzlPVmg1VjUwWEtfbzRPQUhKdGJiUDdfY1pTYnFfRUFBQUYVAgLIARIAKAAYABsCiAd1c2Vfb2lsATEScHJvZ3Jlc3NpdmVfcmVjaXBlATEVAAAmyN7l5KmFxAMVAigCQzMsF0A2gAAAAAAAGBJkYXNoX2Jhc2VsaW5lXzFfdjERAHX-B2XmnQEA&_nc_gid=mBHSLlY5Z-Zqn51SDRLXfA&_nc_zt=28&oh=00_AfY39iBxHsrNrqX3i4SpBAxWtkul1B4k4J4AlyVu9sKo8g&oe=68DE04E0
[01/Oct/25 06:01:01] https://www.youtube.com/watch?v=MSXPb2js4To
[01/Oct/25 10:36:25] https://www.youtube.com/watch?v=MSXPb2js4To
[01/Oct/25 17:07:51] https://www.youtube.com/watch?v=UKLFP3JcIEE
[01/Oct/25 21:48:12] https://youtu.be/iiPCTnSoj9w
[01/Oct/25 22:07:52] https://www.youtube.com/watch?v=4iXenMW9nHA
[01/Oct/25 22:10:45] https://www.youtube.com/watch?v=4iXenMW9nHA
[01/Oct/25 22:14:02] https://www.youtube.com/watch?v=4iXenMW9nHA
[01/Oct/25 22:25:17] https://www.youtube.com/watch?v=8Jov3SEMWRg
[01/Oct/25 22:30:29] https://www.youtube.com/watch?v=YWXwt1QAsHA
[01/Oct/25 22:32:19] https://www.youtube.com/watch?v=QI68giYtnXs
[01/Oct/25 22:35:43] https://www.youtube.com/watch?v=mco3UX9SqDA
[01/Oct/25 22:37:46] https://youtu.be/j3Werq1UJkY
[01/Oct/25 22:37:51] https://www.youtube.com/watch?v=66YZw7TRNJg
[01/Oct/25 22:37:58] https://www.youtube.com/watch?v=mco3UX9SqDA
[02/Oct/25 11:09:05] /home/faaridf/IMPORTANT/recovered/Video/Beat loudly, heartbeat!.mp4
[02/Oct/25 15:18:39] https://youtu.be/M02WlP-ZwD4
[02/Oct/25 18:39:06] https://v.animethemes.moe/DanMachiS5-ED1.webm
[03/Oct/25 23:41:09] https://youtu.be/1WOqBvfFVzc
[03/Oct/25 23:41:24] https://youtu.be/UGoGwlNmZUQ
[03/Oct/25 23:44:38] https://www.youtube.com/watch?v=c_c5FPFdSow&pp=0gcJCfsJAYcqIYzv
[03/Oct/25 23:45:56] https://www.youtube.com/watch?v=5h3OlEBuBhY
[03/Oct/25 23:51:54] https://youtu.be/KrS7YAYzIk0
[03/Oct/25 23:53:41] https://youtu.be/KrS7YAYzIk0
[03/Oct/25 23:59:30] https://www.youtube.com/watch?v=7DdblQmyo18
[04/Oct/25 00:00:21] https://www.youtube.com/watch?v=vV-5W7SFHDc
[04/Oct/25 00:00:32] https://www.youtube.com/watch?v=YwASqLmA23E
[04/Oct/25 00:00:32] https://www.youtube.com/watch?v=YwASqLmA23E
[04/Oct/25 00:01:07] https://www.youtube.com/watch?v=vV-5W7SFHDc
[04/Oct/25 00:01:48] https://www.youtube.com/watch?v=vV-5W7SFHDc
[04/Oct/25 18:39:35] https://youtu.be/2ba4oGkUjp8
[04/Oct/25 18:40:01] https://youtu.be/2ba4oGkUjp8
[04/Oct/25 18:40:01] https://youtu.be/2ba4oGkUjp8
[04/Oct/25 18:40:03] https://youtu.be/2ba4oGkUjp8
[04/Oct/25 18:51:00] https://youtu.be/fuM3eazyBhM
[04/Oct/25 18:53:03] https://www.youtube.com/watch?v=YwASqLmA23E
[04/Oct/25 18:59:39] magnet:?xt=urn:btih:b9887e246f2263bee3b5e37a908131acaaae6973&dn=%5BJudas%5D%20Yofukashi%20no%20Uta%20%28Call%20of%20the%20Night%29%20-%20S02E12%20%5B1080p%5D%5BHEVC%20x265%2010bit%5D%5BEng-Subs%5D%20%28Weekly%29&tr=http%3A%2F%2Fnyaa.tracker.wf%3A7777%2Fannounce&tr=udp%3A%2F%2Fopen.stealth.si%3A80%2Fannounce&tr=udp%3A%2F%2Ftracker.opentrackr.org%3A1337%2Fannounce&tr=udp%3A%2F%2Fexodus.desync.com%3A6969%2Fannounce&tr=udp%3A%2F%2Ftracker.torrent.eu.org%3A451%2Fannounce
[05/Oct/25 21:33:29] https://www.youtube.com/watch?v=11CW6yxaU8E
[05/Oct/25 21:34:07] https://www.youtube.com/watch?v=11CW6yxaU8E
[05/Oct/25 21:48:43] https://www.youtube.com/watch?v=KrS7YAYzIk0
[05/Oct/25 21:48:51] https://youtu.be/jUpuJrqxLyM
[06/Oct/25 12:34:20] https://www.youtube.com/watch?v=_SGHHFVUDZE
[06/Oct/25 12:36:31] https://www.youtube.com/watch?v=_SGHHFVUDZE
[06/Oct/25 12:36:35] https://www.youtube.com/watch?v=_SGHHFVUDZE
[06/Oct/25 12:58:30] https://www.youtube.com/watch?v=_SGHHFVUDZE
[06/Oct/25 12:58:37] https://www.youtube.com/watch?v=_SGHHFVUDZE
[06/Oct/25 15:45:00] https://www.youtube.com/watch?v=_SGHHFVUDZE
[06/Oct/25 16:59:16] https://www.youtube.com/watch?v=RrA4kjLXmFo
[06/Oct/25 17:18:57] https://x.com/klisskliss/status/1974591269344334104
[06/Oct/25 17:19:08] https://www.youtube.com/watch?v=RrA4kjLXmFo
[06/Oct/25 19:55:03] https://www.youtube.com/watch?v=RrA4kjLXmFo
[08/Oct/25 02:25:45] magnet:?xt=urn:btih:b11bcdbf9f00607b5e13d72854dd78bc9874aa55&dn=%5BIgnore%5D%20One%20Piece%20%281999%29%20-%20S00E57%20-%20ONE%20PIECE%20FAN%20LETTER%20%28BD%201080p%20HEVC%20Opus%29&tr=http%3A%2F%2Fnyaa.tracker.wf%3A7777%2Fannounce&tr=udp%3A%2F%2Fopen.stealth.si%3A80%2Fannounce&tr=udp%3A%2F%2Ftracker.opentrackr.org%3A1337%2Fannounce&tr=udp%3A%2F%2Fexodus.desync.com%3A6969%2Fannounce&tr=udp%3A%2F%2Ftracker.torrent.eu.org%3A451%2Fannounce
[08/Oct/25 02:26:14] magnet:?xt=urn:btih:f091e4631ad55e653c73b0991e34d298643e09cd&dn=%5BJudas%5D%20One%20Piece%20-%20Fan%20Letter%20%5B1080p%5D%5BHEVC%20x265%2010bit%5D%5BMulti-Subs%5D%20%28Weekly%29&tr=http%3A%2F%2Fnyaa.tracker.wf%3A7777%2Fannounce&tr=udp%3A%2F%2Fopen.stealth.si%3A80%2Fannounce&tr=udp%3A%2F%2Ftracker.opentrackr.org%3A1337%2Fannounce&tr=udp%3A%2F%2Fexodus.desync.com%3A6969%2Fannounce&tr=udp%3A%2F%2Ftracker.torrent.eu.org%3A451%2Fannounce
[08/Oct/25 04:00:01] https://www.youtube.com/watch?v=91aH8jsG4cc
[08/Oct/25 04:00:45] https://youtu.be/zEeAtRQgZQ8?t=2515
[08/Oct/25 04:11:19] magnet:?xt=urn:btih:759ab96eeed59d05f2181cbddef353f6c2e042dc&dn=%5BJudas%5D%20Boku%20no%20Hero%20Academia%20%28My%20Hero%20Academia%29%20-%20S08E01%20%5B1080p%5D%5BHEVC%20x265%2010bit%5D%5BMulti-Subs%5D%20%28Weekly%29&tr=http%3A%2F%2Fnyaa.tracker.wf%3A7777%2Fannounce&tr=udp%3A%2F%2Fopen.stealth.si%3A80%2Fannounce&tr=udp%3A%2F%2Ftracker.opentrackr.org%3A1337%2Fannounce&tr=udp%3A%2F%2Fexodus.desync.com%3A6969%2Fannounce&tr=udp%3A%2F%2Ftracker.torrent.eu.org%3A451%2Fannounce
[08/Oct/25 04:11:46] magnet:?xt=urn:btih:759ab96eeed59d05f2181cbddef353f6c2e042dc&dn=%5BJudas%5D%20Boku%20no%20Hero%20Academia%20%28My%20Hero%20Academia%29%20-%20S08E01%20%5B1080p%5D%5BHEVC%20x265%2010bit%5D%5BMulti-Subs%5D%20%28Weekly%29&tr=http%3A%2F%2Fnyaa.tracker.wf%3A7777%2Fannounce&tr=udp%3A%2F%2Fopen.stealth.si%3A80%2Fannounce&tr=udp%3A%2F%2Ftracker.opentrackr.org%3A1337%2Fannounce&tr=udp%3A%2F%2Fexodus.desync.com%3A6969%2Fannounce&tr=udp%3A%2F%2Ftracker.torrent.eu.org%3A451%2Fannounce
[08/Oct/25 11:39:24] https://www.youtube.com/watch?v=_zfN9wnPvU0
[08/Oct/25 11:39:27] https://www.youtube.com/watch?v=chvDRUBhRRY
[08/Oct/25 16:04:04] https://www.youtube.com/watch?v=chvDRUBhRRY
[08/Oct/25 19:47:45] https://youtu.be/xqJX75CnkR8
[08/Oct/25 19:47:53] https://www.youtube.com/watch?v=LmZD-TU96q4&list=RDLmZD-TU96q4&start_radio=1
[08/Oct/25 22:11:09] https://www.youtube.com/watch?v=LmZD-TU96q4&list=RDLmZD-TU96q4&start_radio=1
[09/Oct/25 16:05:54] https://www.youtube.com/watch?v=LmZD-TU96q4
[10/Oct/25 02:21:51] https://www.youtube.com/watch?v=KZHmKPpWg2E
[10/Oct/25 02:39:47] https://youtu.be/MkjazYnvNP8
[10/Oct/25 02:41:06] https://www.youtube.com/watch?v=2sZKZHyaQJ8
[10/Oct/25 02:41:11] https://www.youtube.com/watch?v=zWMTTRJ0l4w
[13/Oct/25 21:20:23] magnet:?xt=urn:btih:2c90a26aa26847de6726432e57da790e551c7dfb&dn=%5BOne%20Pace%5D%5B322-324%5D%20Water%20Seven%2001%20%5B1080p%5D%20%5BDual-Audio%5D&tr=http%3A%2F%2Fnyaa.tracker.wf%3A7777%2Fannounce&tr=udp%3A%2F%2Fopen.stealth.si%3A80%2Fannounce&tr=udp%3A%2F%2Ftracker.opentrackr.org%3A1337%2Fannounce&tr=udp%3A%2F%2Fexodus.desync.com%3A6969%2Fannounce&tr=udp%3A%2F%2Ftracker.torrent.eu.org%3A451%2Fannounce
[13/Oct/25 22:01:57] https://youtu.be/wTYDBFO0y78
[13/Oct/25 22:11:53] https://www.youtube.com/watch?v=skVxE4gYdAU
[14/Oct/25 17:47:14] https://youtu.be/KrS7YAYzIk0
[14/Oct/25 20:37:36] https://youtu.be/g1TbFeXUbv8
[16/Oct/25 00:12:27] magnet:?xt=urn:btih:e61bd7314b492c36372ec448c43798f4b9989d2c&dn=%5BJudas%5D%20Food%20Court%20de%2C%20Mata%20Ashita%20%28See%20You%20Tomorrow%20at%20the%20Food%20Court%29%20%28Season%2001%29%20%5B1080p%5D%5BHEVC%20x265%2010bit%5D%5BMulti-Subs%5D%20%28Batch%29&tr=http%3A%2F%2Fnyaa.tracker.wf%3A7777%2Fannounce&tr=udp%3A%2F%2Fopen.stealth.si%3A80%2Fannounce&tr=udp%3A%2F%2Ftracker.opentrackr.org%3A1337%2Fannounce&tr=udp%3A%2F%2Fexodus.desync.com%3A6969%2Fannounce&tr=udp%3A%2F%2Ftracker.torrent.eu.org%3A451%2Fannounce
[16/Oct/25 00:21:25] magnet:?xt=urn:btih:33b36fac9adfc3da3f615f697845f70716de47cb&dn=%5BGJM%5D%20Takopi%20no%20Genzai%20%28Takopi%27s%20Original%20Sin%29%20-%2001%20%5B2621CABA%5D.mkv&tr=http%3A%2F%2Fnyaa.tracker.wf%3A7777%2Fannounce&tr=udp%3A%2F%2Fopen.stealth.si%3A80%2Fannounce&tr=udp%3A%2F%2Ftracker.opentrackr.org%3A1337%2Fannounce&tr=udp%3A%2F%2Fexodus.desync.com%3A6969%2Fannounce&tr=udp%3A%2F%2Ftracker.torrent.eu.org%3A451%2Fannounce
[16/Oct/25 00:27:03] https://fixvx.com/anime_twits/status/1978347701591769447
[16/Oct/25 01:18:15] https://www.youtube.com/watch?v=wUpBrALhlnc
[17/Oct/25 14:37:30] https://youtu.be/KqqOXndnvic
[17/Oct/25 15:03:23] https://youtu.be/KqqOXndnvic
[17/Oct/25 18:53:59] https://fixvx.com/ani_shots/status/1970678627336376458.mp4
[17/Oct/25 18:54:19] https://fixvx.com/ani_shots/status/1970678627336376458
[17/Oct/25 19:27:42] https://fixvx.com/daily1punch/status/1978893450838728970
[17/Oct/25 19:27:48] https://www.youtube.com/watch?v=LmZD-TU96q4&pp=0gcJCfwJAYcqIYzv
[17/Oct/25 19:29:02] https://www.youtube.com/watch?v=LmZD-TU96q4
[17/Oct/25 22:00:39] https://www.youtube.com/watch?v=11R3H8kackA
[17/Oct/25 22:01:24] https://www.youtube.com/watch?v=11R3H8kackA
[18/Oct/25 02:04:08] https://fixvx.com/DemonSlayer_EN/status/1978851177237262422
[18/Oct/25 02:05:59] https://fixvx.com/DemonSlayer_EN/status/1979173512985067908
[18/Oct/25 03:01:04] ~/Downloads/UNDERTALE.mp3
[18/Oct/25 19:04:04] https://youtu.be/GaT1GftoqV0
[19/Oct/25 01:08:41] magnet:?xt=urn:btih:7900a9e74f5e3f18729951d7823502ad8c6af97e&dn=%5BJudas%5D%20Nageki%20no%20Bourei%20-%20S02E03.mkv&xl=230678558&tr=http%3A%2F%2Fnyaa.tracker.wf%3A7777%2Fannounce&tr=udp%3A%2F%2Fopen.stealth.si%3A80%2Fannounce&tr=udp%3A%2F%2Ftracker.opentrackr.org%3A1337%2Fannounce&tr=udp%3A%2F%2Fexodus.desync.com%3A6969%2Fannounce&tr=udp%3A%2F%2Ftracker.torrent.eu.org%3A451%2Fannounce
[19/Oct/25 01:12:24] https://x.com/Hatena360/status/1979374572467319140
[19/Oct/25 03:08:01] https://www.youtube.com/watch?v=ZsCxxIOJdNE
[19/Oct/25 03:11:31] https://www.youtube.com/watch?v=TqKwoSk6708
[19/Oct/25 03:13:05] https://www.youtube.com/watch?v=-VHP-zV0iEE
[19/Oct/25 03:15:16] https://www.youtube.com/watch?v=JyNEOpN52-I
[19/Oct/25 03:17:30] https://www.youtube.com/watch?v=JyNEOpN52-I
[19/Oct/25 03:21:17] https://www.youtube.com/watch?v=Tnv3z6qJfQE&list=RDTnv3z6qJfQE&start_radio=1&pp=oAcB
[19/Oct/25 03:46:10] https://www.youtube.com/watch?v=6mSoAY8K9tw&list=RD6mSoAY8K9tw&start_radio=1&pp=oAcB
[19/Oct/25 16:14:26] https://www.youtube.com/watch?v=Im_FRmGI3Tc
[19/Oct/25 16:16:47] https://www.youtube.com/watch?v=Im_FRmGI3Tc
[19/Oct/25 16:17:56] https://www.youtube.com/watch?v=V7xwv2unO9c
[19/Oct/25 17:03:27] https://fixvx.com/dollfro_sop2/status/1979522145744281882
[20/Oct/25 23:14:37] https://www.youtube.com/watch?v=BJJZRNntphg
[20/Oct/25 23:14:58] https://www.youtube.com/watch?v=BLZ5vtvunLQ&list=PLARepTfoMFmZYcZCAmloalTxAfPFA1qT8&index=45&pp=gAQBiAQB
[20/Oct/25 23:16:25] https://www.youtube.com/watch?v=92WFE6Z-ShI&list=PLARepTfoMFmZYcZCAmloalTxAfPFA1qT8&index=47&pp=gAQBiAQB
[20/Oct/25 23:16:35] https://www.youtube.com/watch?v=z3gM6IkVLcI&list=PLARepTfoMFmZYcZCAmloalTxAfPFA1qT8&index=46
[20/Oct/25 23:20:41] https://www.youtube.com/watch?v=BVMjA_dCE6c&list=PLARepTfoMFmZYcZCAmloalTxAfPFA1qT8&index=77
[20/Oct/25 23:20:52] https://www.youtube.com/watch?v=7AC4Y6xLbQQ&list=PLARepTfoMFmZYcZCAmloalTxAfPFA1qT8&index=81&pp=gAQBiAQB
[20/Oct/25 23:22:34] https://www.youtube.com/watch?v=z3gM6IkVLcI&list=PLARepTfoMFmZYcZCAmloalTxAfPFA1qT8&index=46
[21/Oct/25 00:59:46] /home/faaridf/Videos/.yt-dlp/Classical Composer reaction⧸analysis to UNDERTALE： Hopes and Dreams & Save the World ｜ Ep. 940.mkv |time=205
[21/Oct/25 01:05:16] https://www.youtube.com/watch?v=Z6BD3YVKdlI
