[Saturday/December 06/12/2025 09:20:19] /home/faarid/Videos/.yt-dlp/【崩壊：スターレイル】To the Moon ⧸ 鹿乃【HoYoFair】.webm | length=223.268 | time=3.567
[Saturday/December 06/12/2025 09:20:20] /home/faarid/Videos/.yt-dlp/約束の絆 「境界の彼方」第六話插曲.webm | length=269.508 | time=1.752
[Saturday/December 06/12/2025 09:38:26] "Hereditary (2018) KILL COUNT" | https://www.youtube.com/watch?v=VFHiKAfPpGk | length=1593.781 | time=437.22845833333
[Saturday/December 06/12/2025 09:41:14] "Hereditary (2018) KILL COUNT" | https://www.youtube.com/watch?v=VFHiKAfPpGk | length=1593.781 | time=439.814375
[Saturday/December 06/12/2025 10:02:22] "Hereditary (2018) KILL COUNT" | https://www.youtube.com/watch?v=VFHiKAfPpGk | length=1593.781 | time=1509.0909166667
[Saturday/December 06/12/2025 10:05:20] /home/faarid/Videos/.yt-dlp/Jingliu 【崩壊：スターレイル】秘色の月 - HoYofair 2025【にじさんじ_リゼ・ヘルエスタ】.mp4 | length=271.55736961451 | time=78.433333333333
[Saturday/December 06/12/2025 10:19:19] /home/faarid/Videos/.yt-dlp/I was read to FILTH by this girl - Therapist Plays Doki Doki Literature Club - 9.webm | length=4181.968 | time=4181.9450625017
[Saturday/December 06/12/2025 10:47:52] "Scariest scenes | Insidious Movie Series (Chapters 1-4)" | https://www.youtube.com/watch?v=gGdbaYda1j4 | length=2020.1386666667 | time=1015.9333333333
[Saturday/December 06/12/2025 10:51:46] "Scariest scenes | Insidious Movie Series (Chapters 1-4)" | https://www.youtube.com/watch?v=gGdbaYda1j4 | length=2020.1386666667 | time=1233.5166666667
[Saturday/December 06/12/2025 10:58:20] "Scariest scenes | Insidious Movie Series (Chapters 1-4)" | https://www.youtube.com/watch?v=gGdbaYda1j4 | length=2020.1386666667 | time=1250.1333333333
[Saturday/December 06/12/2025 14:08:22] "In the sea - Chainsaw Man: Reze Arc OST | 25mins Extended Emotional Soundtrack" | https://www.youtube.com/watch?v=fINxC-B9lcM | length=1516.841 | time=7.7333333333333
[Saturday/December 06/12/2025 14:20:46] "『Before I Rise』Heaven Burns Redテーマソング" | https://www.youtube.com/watch?v=ReJsfzGeIXE | length=216.461 | time=216.16896118304
[Saturday/December 06/12/2025 16:30:57] "I Attempted Babysitting Again" | https://youtu.be/3aR3UIgjI-Q | length=4227.781 | time=2101.8
[Saturday/December 06/12/2025 16:37:03] "[SubsPlease] Boku no Hero Academia - 169 (1080p) [A50B66F9].mkv" | http://localhost:8888/webtorrent/e9b0218430205838c9a690d89c903fa1aa7003c2/%5BSubsPlease%5D%20Boku%20no%20Hero%20Academia%20-%20169%20(1080p)%20%5BA50B66F9%5D.mkv | length=1430.117 | time=3.587
[Saturday/December 06/12/2025 16:41:43] "[SubsPlease] Boku no Hero Academia - 169 (1080p) [A50B66F9].mkv" | http://localhost:8888/webtorrent/e9b0218430205838c9a690d89c903fa1aa7003c2/%5BSubsPlease%5D%20Boku%20no%20Hero%20Academia%20-%20169%20(1080p)%20%5BA50B66F9%5D.mkv | length=1430.117 | time=2.461
[Saturday/December 06/12/2025 16:58:33] "I Attempted Babysitting Again" | https://youtu.be/3aR3UIgjI-Q | length=4227.781 | time=3640
[Saturday/December 06/12/2025 17:24:10] "I Attempted Babysitting Again" | https://youtu.be/3aR3UIgjI-Q | length=4227.781 | time=4216.9833333333
[Saturday/December 06/12/2025 17:30:19] /home/faarid/Downloads/Pakistan_Studies_Exam_Essay_Arguments_and_Evidence(1).m4a | length=2278.2955102041 | time=0
[Sunday/December 07/12/2025 04:53:38] /home/faarid/Downloads/Torrents/[SubsPlease] Boku no Hero Academia - 169 (1080p) [A50B66F9].mkv | length=1430.117 | time=0
[Sunday/December 07/12/2025 05:04:14] /home/faarid/[SubsPlease] Boku no Hero Academia - 169 (1080p) [A50B66F9].mkv | length=1430.117 | time=1.168
[Sunday/December 07/12/2025 05:19:42] /home/faarid/Downloads/Torrents/[SubsPlease] Boku no Hero Academia - 169 (1080p) [A50B66F9].mkv | length=1430.117 | time=633.55
[Sunday/December 07/12/2025 05:33:39] "IF WE LAUGH, WE DIE AND START OVER! The Squad vs Don’t Scream Together" | https://www.youtube.com/watch?v=yD7FrS2Lzw0 | length=1890.761 | time=0
[Sunday/December 07/12/2025 05:37:42] "The Story that Kills You - The King in Yellow" | https://youtu.be/j-l_b4GqL0A | length=12717.521 | time=1504.6333333333
[Sunday/December 07/12/2025 06:40:44] "IF WE LAUGH, WE DIE AND START OVER! The Squad vs Don’t Scream Together" | https://www.youtube.com/watch?v=yD7FrS2Lzw0 | length=1890.761 | time=1890.7529999997
[Sunday/December 07/12/2025 06:52:27] "I installed Linux on my GF's PC. Will she notice?" | https://www.youtube.com/watch?v=RVTVRDqqJis | length=729.201 | time=684.66666666667
[Sunday/December 07/12/2025 07:04:45] /home/faarid/Videos/.yt-dlp/TVアニメ『サマータイムレンダ』“失恋ソング沢山聴いて 泣いてばかりの私はもう。”コラボPV※最終話を含むシーンを使用しています※.webm | length=298.928 | time=175.3
[Sunday/December 07/12/2025 07:04:48] /home/faarid/Videos/.yt-dlp/TVアニメ『サマータイムレンダ』“失恋ソング沢山聴いて 泣いてばかりの私はもう。”コラボPV※最終話を含むシーンを使用しています※.webm | length=298.928 | time=1.919
[Sunday/December 07/12/2025 07:04:57] /home/faarid/Videos/.yt-dlp/Summer Time Render - Ending ｜ FULL HD [1080p].mkv | length=90.108 | time=4.872
[Sunday/December 07/12/2025 07:15:18] /home/faarid/Videos/.yt-dlp/Daisy（TVアニメ『境界の彼方』EDテーマ）- STEREO DIVE FOUNDATION - [Official Video].webm | length=279.548 | time=2.469
[Sunday/December 07/12/2025 07:21:23] /home/faarid/Videos/.yt-dlp/Jingliu 【崩壊：スターレイル】秘色の月 - HoYofair 2025【にじさんじ_リゼ・ヘルエスタ】.mp4 | length=271.55736961451 | time=132.26666666667
[Sunday/December 07/12/2025 07:21:23] /home/faarid/Downloads/Pakistan_Studies_Exam_Essay_Arguments_and_Evidence(1).m4a | length=2278.2955102041 | time=1095.6606802725
[Sunday/December 07/12/2025 08:15:44] "Teenage Blue" | https://www.youtube.com/watch?v=JVDmY_riDsc | length=234.981 | time=1.76
[Sunday/December 07/12/2025 08:16:23] "ティーンエイジブルー (Teenage Blue) – Eve 「アオのハコ」SPECIAL MV" | https://www.youtube.com/watch?v=PW7VH5bPdj4 | length=228.841 | time=1.75175
[Sunday/December 07/12/2025 08:20:53] /home/faarid/Videos/.yt-dlp/Underdog - Eve Music Video.webm | length=243.908 | time=111.083
[Sunday/December 07/12/2025 08:24:23] /home/faarid/Videos/.yt-dlp/ティーンエイジブルー (Teenage Blue) – Eve 「アオのハコ」SPECIAL MV.mkv | length=228.848 | time=2.127
[Sunday/December 07/12/2025 08:40:42] "Arch + Hyprland = Omarchy: The BEST Way to Linux!" | https://youtube.com/watch?v=YeT407j1JtY | length=511.821 | time=479.03333333333
[Sunday/December 07/12/2025 11:37:53] /home/faarid/Videos/.yt-dlp/I am DEEPLY impressed with this - Therapist Plays Silent Hill f - 1.webm | length=4974.208 | time=3039.25
[Sunday/December 07/12/2025 12:11:05] "SAWTOWNE - Confessions of a Rotten Girl / ft. Hatsune Miku" | https://www.youtube.com/watch?v=sV2H712ldOI | length=208.181 | time=59.57707647967
[Sunday/December 07/12/2025 12:12:11] "JE  -  一角獣 / てにをは" | https://youtu.be/H5Bic_0O5_o | length=217.621 | time=57.81472532567
[Sunday/December 07/12/2025 13:01:14] /home/faarid/Videos/.yt-dlp/I am DEEPLY impressed with this - Therapist Plays Silent Hill f - 1.webm | length=4974.208 | time=4972.983
[Sunday/December 07/12/2025 13:01:21] /home/faarid/Downloads/Acing_Discrete_Math.mp4 | length=421.07065759637 | time=248.08333333333
[Sunday/December 07/12/2025 14:50:23] "The Courage The Cowardly Dog Game Is Better Than You Think" | https://www.youtube.com/watch?v=Q7E9sM4FBsI | length=2879.721 | time=2159.8166666667
[Sunday/December 07/12/2025 15:07:56] "The Courage The Cowardly Dog Game Is Better Than You Think" | https://www.youtube.com/watch?v=Q7E9sM4FBsI | length=2879.721 | time=2879.7049583327
[Sunday/December 07/12/2025 21:20:29] "[GJM] One Punch Man S2 - OVA4 (BD 1080p) [E252BE0C].mkv" | http://localhost:8888/webtorrent/7e23417c4cec4f800d1d05fbb80978251e180ff5/%5BGJM%5D%20One%20Punch%20Man%20S2%20-%20OVA4%20(BD%201080p)%20%5BE252BE0C%5D.mkv | length=720.064 | time=2.753
[Sunday/December 07/12/2025 21:23:38] "[GJM] Ascendance of a Bookworm - 01 [20A0E035].mkv" | http://localhost:8888/webtorrent/f50a8e5df5fae0938930f163530f570f1074995b/%5BGJM%5D%20Ascendance%20of%20a%20Bookworm%20-%2001%20%5B20A0E035%5D.mkv | length=1420 | time=46.588
[Sunday/December 07/12/2025 21:49:54] "[Judas] Gachiakuta - S01E01.mkv" | http://localhost:8888/webtorrent/1890d7ae7f3fa88a93723bc0eee7467dea70102b/%5BJudas%5D%20Gachiakuta%20-%20S01E01.mkv | length=1420.015 | time=1333.332
[Sunday/December 07/12/2025 22:25:03] /home/faarid/Downloads/Torrents/[Judas] Gachiakuta - S01E02.mkv | length=1420.35 | time=1419.96
[Sunday/December 07/12/2025 22:46:27] /home/faarid/Downloads/Torrents/[Judas] Gachiakuta - S01E03.mkv | length=1420.4 | time=1419.96
[Sunday/December 07/12/2025 23:16:59] /home/faarid/Downloads/Torrents/[Judas] Gachiakuta - S01E04.mkv | length=1420.4 | time=1333.749
[Sunday/December 07/12/2025 23:39:24] /home/faarid/Downloads/Torrents/[Judas] Gachiakuta - S01E05.mkv | length=1420.31 | time=1419.918
[Sunday/December 07/12/2025 23:58:40] /home/faarid/Downloads/Torrents/[Judas] Gachiakuta - S01E06.mkv | length=1420.4 | time=1337.086
[Sunday/December 07/12/2025 23:58:45] /home/faarid/Downloads/Torrents/[Judas] Gachiakuta - S01E07.mkv | length=1420.4 | time=3.17
[Monday/December 08/12/2025 08:40:27] "This MHA Game Is INSANE.... Don't Play it." | https://youtu.be/5LAq73fJl-w | length=1101.721 | time=187.96666666667
[Monday/December 08/12/2025 09:05:54] /home/faarid/Downloads/Torrents/[Judas] Gachiakuta - S01E07.mkv | length=1420.4 | time=1337.127
[Monday/December 08/12/2025 09:17:35] /home/faarid/Downloads/Torrents/[Judas] Gachiakuta - S01E08.mkv | length=1420.36 | time=537.912
[Monday/December 08/12/2025 09:17:36] /home/faarid/Downloads/Torrents/[Judas] Gachiakuta - S01E07.mkv | length=1420.4 | time=0
[Monday/December 08/12/2025 10:32:12] /home/faarid/Downloads/Torrents/[Judas] Gachiakuta - S01E08.mkv | length=1420.36 | time=813.146
[Monday/December 08/12/2025 10:45:49] /home/faarid/Downloads/Torrents/[Judas] Gachiakuta - S01E08.mkv | length=1420.36 | time=1419.96
[Monday/December 08/12/2025 10:56:39] /home/faarid/Downloads/Torrents/[Judas] Gachiakuta - S01E09.mkv | length=1420.31 | time=562.937
[Monday/December 08/12/2025 13:49:28] /home/faarid/Videos/.yt-dlp/＂In Another Life＂ - Millennium Idol 【MV】Honkai： Star Rail x DillonGoo.webm | length=307.128 | time=116.792
[Monday/December 08/12/2025 13:50:35] "In Another Life - Millennium Idol 【MV】Honkai: Star Rail x DillonGoo" | https://www.youtube.com/watch?v=XY8OQLyvE1g | length=307.121 | time=1.5
[Monday/December 08/12/2025 13:57:45] "In Another Life - Millennium Idol 【MV】Honkai: Star Rail x DillonGoo" | https://www.youtube.com/watch?v=XY8OQLyvE1g | length=307.121 | time=307.108125
[Monday/December 08/12/2025 14:20:14] /home/faarid/Downloads/Torrents/[Judas] Gachiakuta - S01E04.mkv | length=1420.4 | time=1.418
[Monday/December 08/12/2025 19:19:42] /tmp/ark-CXOzwF/test_sound_7.1.wav | length=13.0400625 | time=4.5074480353333
[Monday/December 08/12/2025 19:19:46] /tmp/ark-NenUcU/dirac_delta_7.1.wav | length=9 | time=1.861564968
[Monday/December 08/12/2025 19:24:32] /tmp/ark-mfufNT/test_sound_7.1.wav | length=13.0400625 | time=4.9234327203333
[Monday/December 08/12/2025 22:38:00] /home/faarid/Downloads/Torrents/[Judas] Gachiakuta - S01E09.mkv | length=1420.31 | time=1336.961
[Monday/December 08/12/2025 23:02:26] /home/faarid/Downloads/Torrents/[Judas] Gachiakuta - S01E10.mkv | length=1420.31 | time=1333.082
[Monday/December 08/12/2025 23:26:25] /home/faarid/Downloads/Torrents/[Judas] Gachiakuta - S01E11.mkv | length=1420.23 | time=1332.373
[Monday/December 08/12/2025 23:47:34] /home/faarid/Downloads/Torrents/[Judas] Gachiakuta - S01E12.mkv | length=1420.36 | time=1332.748
[Tuesday/December 09/12/2025 00:12:04] /home/faarid/Downloads/Torrents/[Judas] Gachiakuta - S01E13.mkv | length=1420.22 | time=1419.96
[Tuesday/December 09/12/2025 00:35:06] /home/faarid/Downloads/Torrents/[Judas] Gachiakuta - S01E14.mkv | length=1420.26 | time=6.089
[Tuesday/December 09/12/2025 00:35:14] /home/faarid/Downloads/Torrents/[Judas] Gachiakuta - S01E13.mkv | length=1420.22 | time=1379.837
[Tuesday/December 09/12/2025 08:51:39] /home/faarid/Downloads/Torrents/[Judas] Gachiakuta - S01E14.mkv | length=1420.26 | time=2.669
[Tuesday/December 09/12/2025 08:51:52] /home/faarid/Downloads/Torrents/[Judas] Gachiakuta - S01E14.mkv | length=1420.26 | time=1219.969
[Tuesday/December 09/12/2025 08:54:05] /home/faarid/Downloads/Torrents/[Judas] Gachiakuta - S01E15.mkv | length=1420.26 | time=1327.243
[Tuesday/December 09/12/2025 09:21:35] /home/faarid/Downloads/Torrents/[Judas] Gachiakuta - S01E16.mkv | length=1420.24 | time=1334.333
[Tuesday/December 09/12/2025 09:33:34] /home/faarid/Downloads/Torrents/[Judas] Gachiakuta - S01E17.mkv | length=1420.23 | time=652.61
[Tuesday/December 09/12/2025 09:51:09] /home/faarid/Downloads/Torrents/[Judas] Gachiakuta - S01E17.mkv | length=1420.23 | time=1395.9462374667
[Tuesday/December 09/12/2025 10:17:05] /home/faarid/Downloads/Torrents/[Judas] Gachiakuta - S01E18.mkv | length=1420.24 | time=1396.3462547
[Tuesday/December 09/12/2025 10:50:32] /home/faarid/Downloads/Torrents/[Judas] Gachiakuta - S01E19.mkv | length=1420.23 | time=1396.5896104333
[Tuesday/December 09/12/2025 11:09:30] /home/faarid/Downloads/Torrents/[Judas] Gachiakuta - S01E20.mkv | length=1420.31 | time=1419.96
[Wednesday/December 10/12/2025 00:41:22] /home/faarid/Downloads/Torrents/[Judas] Gachiakuta - S01E22.mkv | length=1420.43 | time=821.571
[Thursday/December 11/12/2025 13:16:25] /home/faarid/Downloads/Torrents/[Judas] Gachiakuta - S01E22.mkv | length=1420.43 | time=1003.878
[Thursday/December 11/12/2025 13:32:30] "This is almost too much for me | Silent Hill 2 #19" | https://www.youtube.com/watch?v=YiRI1YZTRwc | length=3671.021 | time=2611.7333333333
[Thursday/December 11/12/2025 13:43:04] "This is almost too much for me | Silent Hill 2 #19" | https://www.youtube.com/watch?v=YiRI1YZTRwc | length=3671.021 | time=2610
[Thursday/December 11/12/2025 14:09:50] "This is almost too much for me | Silent Hill 2 #19" | https://www.youtube.com/watch?v=YiRI1YZTRwc | length=3671.021 | time=3670.9983333324
[Thursday/December 11/12/2025 14:56:23] /home/faarid/Videos/.webms/[Judas] Gachiakuta - S01E18-[11.21.347-11.34.276]-audio.webm | length=12.932 | time=1.046
[Thursday/December 11/12/2025 14:57:28] /home/faarid/Videos/.yt-dlp/Deeper？! ｜ Silent Hill 2 #20.webm | length=3222.788 | time=33.083
[Thursday/December 11/12/2025 15:09:59] "Why are we doing this? | Silent Hill 2 #22" | https://youtube.com/watch?v=tfduIJy1j3w | length=3747.981 | time=1.8166666666667
[Thursday/December 11/12/2025 16:20:17] /home/faarid/Videos/.yt-dlp/Deeper？! ｜ Silent Hill 2 #20.webm | length=3222.788 | time=3222.7706874974
[Thursday/December 11/12/2025 16:20:23] /home/faarid/Videos/.yt-dlp/Deeper？! ｜ Silent Hill 2 #20.webm | length=3222.788 | time=0
[Thursday/December 11/12/2025 16:20:24] /home/faarid/Videos/.yt-dlp/FRIESENJUNG - ＂HSR - The Herta＂ Animation meme.webm | length=38.408 | time=36.733
[Friday/December 12/12/2025 09:34:41] /home/faarid/Videos/.webms/gachiakuta is peak.mp4 | length=12.933 | time=12.931350175
[Friday/December 12/12/2025 09:35:07] /home/faarid/Videos/.webms/[Judas] Gachiakuta - S01E18-[11.21.347-11.34.276]-audio.webm | length=12.932 | time=12.933666666667
[Friday/December 12/12/2025 09:45:05] /home/faarid/Videos/.webms/[Judas] Gachiakuta - S01E21-[16.52.637-17.58.159]-audio.webm | length=65.523 | time=57.974
[Friday/December 12/12/2025 09:45:08] /home/faarid/Downloads/Torrents/[Judas] Gachiakuta - S01E21.mkv | length=1420.43 | time=1089.088
[Friday/December 12/12/2025 09:47:23] /home/faarid/Videos/.webms/[Judas] Gachiakuta - S01E21-[16.52.637-17.58.159]-audio.webm | length=65.523 | time=2.544
[Friday/December 12/12/2025 09:47:34] /home/faarid/Videos/.webms/gachiakuta is peakx2.mkv | length=65.524 | time=1.376
[Friday/December 12/12/2025 09:49:04] /home/faarid/Videos/.webms/gachiakuta is peakx2.mp4 | length=26.568208333333 | time=0.95929166666667
[Friday/December 12/12/2025 11:52:24] "GIANTS SUCK!! (RAGE) Dragon Ball SPARKING Zero (Vegeta Lifeline)" | https://youtube.com/watch?v=QhKR3c8bsTk | length=2569.281 | time=1573.7333333333
[Friday/December 12/12/2025 13:02:38] "GIANTS SUCK!! (RAGE) Dragon Ball SPARKING Zero (Vegeta Lifeline)" | https://youtube.com/watch?v=QhKR3c8bsTk | length=2569.281 | time=2025.6333333333
[Friday/December 12/12/2025 18:00:37] /home/faarid/Videos/.webms/index-f1-v1-a1-[19.38.200-19.47.920]-audio.webm | length=4.425 | time=4.4243333333333
[Friday/December 12/12/2025 18:00:54] "Gachiakuta Episode 17" | https://sunburst93.live/_v7/7c102ab9c578f2a4f7915d871283317c818cec1fd017f1ff433170b4b342ab2984ec395a635c6b7a1d90a68076af5a1c0c7fff24fba899c2797da876b463c038194f23b4abea7ff11b6e6f1abb39986646aa4a0bd4ae7e5dedf693e44532362a74514e13d62d2e09a2386a5227f1cf83b26f564518d1b739d04409d20606aa36/index-f1-v1-a1.m3u8 | length=1420 | time=0
[Friday/December 12/12/2025 18:02:04] /home/faarid/Videos/.webms/index-f1-v1-a1-[19.36.200-19.48.120]-audio.webm | length=8.918 | time=2.323
[Friday/December 12/12/2025 18:02:33] "Gachiakuta Episode 17" | https://sunburst93.live/_v7/7c102ab9c578f2a4f7915d871283317c818cec1fd017f1ff433170b4b342ab2984ec395a635c6b7a1d90a68076af5a1c0c7fff24fba899c2797da876b463c038194f23b4abea7ff11b6e6f1abb39986646aa4a0bd4ae7e5dedf693e44532362a74514e13d62d2e09a2386a5227f1cf83b26f564518d1b739d04409d20606aa36/index-f1-v1-a1.m3u8 | length=1420 | time=1188.16
[Friday/December 12/12/2025 19:05:55] "GIANTS SUCK!! (RAGE) Dragon Ball SPARKING Zero (Vegeta Lifeline)" | https://youtube.com/watch?v=QhKR3c8bsTk | length=2569.281 | time=2569.281
[Friday/December 12/12/2025 19:07:07] "A CHRISTMAS HORROR GAME (Christmas Story)" | https://youtu.be/gyYk00mxN_c | length=2437.621 | time=65.55
[Friday/December 12/12/2025 19:08:06] /home/faarid/Music/Life Will Change ⧸ 初音ミク × 鏡音リン × 鏡音レン.m4a | length=243.64698412698 | time=21.994981181621
[Friday/December 12/12/2025 19:08:09] /home/faarid/Music/Clair Obscur： Expedition 33 ｜ Lumière [Official Music Video].m4a | length=222.02920634921 | time=172.17001319849
[Friday/December 12/12/2025 19:08:15] /home/faarid/Music/Clair Obscur： Expedition 33 ｜ Lumière [Official Music Video].m4a | length=222.02920634921 | time=2.1554951616213
[Friday/December 12/12/2025 19:08:32] /home/faarid/Videos/.yt-dlp/Chevy - Hope Is The Thing With Feathers & Had I Not Seen The Sun (Star Rail LIVE 2025).webm | length=477.448 | time=2.88
[Friday/December 12/12/2025 19:09:34] /home/faarid/Videos/.yt-dlp/Why are we doing this？ ｜ Silent Hill 2 #22.webm | length=3747.988 | time=1.867
[Friday/December 12/12/2025 19:09:57] /home/faarid/Videos/.yt-dlp/This is devastating ｜ Silent Hill 2 #23.webm | length=4279.728 | time=2.683
[Friday/December 12/12/2025 19:10:09] /home/faarid/Videos/.yt-dlp/Why are we doing this？ ｜ Silent Hill 2 #22.webm | length=3747.988 | time=382.233
[Friday/December 12/12/2025 19:10:45] /home/faarid/Videos/.yt-dlp/b7wenty - https：⧸⧸t.co⧸127RyWjkgC.mp4 | length=6.5015873015873 | time=6.5015873015873
[Saturday/December 13/12/2025 10:04:20] "Clash With A GOD (except...) Dragon Ball FighterZ Nuzlocke" | https://youtu.be/KxPJg66CvOI | length=1980.501 | time=220.38333333333
[Saturday/December 13/12/2025 10:46:41] "Clash With A GOD (except...) Dragon Ball FighterZ Nuzlocke" | https://youtu.be/KxPJg66CvOI | length=1980.501 | time=1329.15
[Saturday/December 13/12/2025 10:58:40] "Clash With A GOD (except...) Dragon Ball FighterZ Nuzlocke" | https://youtu.be/KxPJg66CvOI | length=1980.501 | time=1971.0833333333
[Saturday/December 13/12/2025 13:14:21] /home/faarid/Music/Fate⧸stay night Heaven's Feel III spring song OST - Why I fight ~EMIYA~(spring song 2020 Full ver.).m4a | length=512.13931972789 | time=512.13931972793
[Saturday/December 13/12/2025 13:16:32] /home/faarid/Music/Made in Abyss OST 2： 02. The First Layer.m4a | length=130.0085260771 | time=129.78217508544
[Saturday/December 13/12/2025 13:29:30] /home/faarid/Music/Oratorio   The World God Only Knows Megami hen (Opening 3 Full Ver.).m4a | length=767.09442176871 | time=766.8713776821
[Saturday/December 13/12/2025 13:45:34] /home/faarid/Music/アクア(CV：雨宮天)、めぐみん(CV：高橋李依)、ダクネス(CV：茅野愛衣) ⧸ あの日のままのぼくら(TVアニメ「この素晴らしい世界に祝福を! 3」エンディング・テーマ).m4a | length=191.56462585034 | time=191.56462585037
[Saturday/December 13/12/2025 15:55:58] /home/faarid/Videos/.yt-dlp/Shitpost 2049 - https：⧸⧸t.co⧸122rxbworm.mp4 | length=33.065215419501 | time=6.9
[Saturday/December 13/12/2025 15:57:37] /home/faarid/Videos/.yt-dlp/Your Typical Local Man - https：⧸⧸t.co⧸vf3QW3ZQU0.mp4 | length=69.427664399093 | time=69.42766439909
[Saturday/December 13/12/2025 15:59:11] /home/faarid/Videos/.yt-dlp/【崩壊：スターレイル】To the Moon ⧸ 鹿乃【HoYoFair】.webm | length=223.268 | time=1.933
[Saturday/December 13/12/2025 16:00:03] /home/faarid/Videos/.yt-dlp/ティーンエイジブルー (Teenage Blue) – Eve 「アオのハコ」SPECIAL MV.mkv | length=228.848 | time=52.01
[Saturday/December 13/12/2025 16:00:05] /home/faarid/Videos/.yt-dlp/米津玄師　ハチ - 🫵😭  「IRIS OUT」 #レゼダンス　#チェンソーマン　#RezeDance #ChainsawMan #IRISOUT.mp4 | length=16.554666666667 | time=1.1
[Saturday/December 13/12/2025 16:00:11] /home/faarid/Videos/.yt-dlp/🕊️ - https：⧸⧸t.co⧸6pGSmSpnAu.mp4 | length=19.776 | time=2.422
[Saturday/December 13/12/2025 16:00:22] /home/faarid/Videos/.yt-dlp/b7wenty - https：⧸⧸t.co⧸127RyWjkgC.mp4 | length=6.5015873015873 | time=5.8
[Saturday/December 13/12/2025 16:00:26] /home/faarid/Videos/.yt-dlp/📱Shitpost Reels📱 - https：⧸⧸t.co⧸Fr3C4dCvkN.mp4 | length=29.907301587302 | time=1.3
[Saturday/December 13/12/2025 16:00:34] /home/faarid/Videos/.yt-dlp/Chiyo & Friends - https：⧸⧸t.co⧸Rg4lniF4Gn.mp4 | length=6.269387755102 | time=6.269387755102
[Saturday/December 13/12/2025 16:00:41] /home/faarid/Videos/.yt-dlp/Your Typical Local Man - https：⧸⧸t.co⧸NESlGXVdB7.mp4 | length=7.0820861678005 | time=5.2333333333333
[Saturday/December 13/12/2025 16:00:45] /home/faarid/Videos/.yt-dlp/🕊️ - https：⧸⧸t.co⧸6pGSmSpnAu.mp4 | length=19.776 | time=1.713
[Saturday/December 13/12/2025 16:04:23] /home/faarid/Videos/.yt-dlp/Your Typical Local Man - https：⧸⧸t.co⧸c4dxcPzvXg.mp4 | length=11.772517006803 | time=11.772517006803
[Monday/December 15/12/2025 09:50:47] /home/faarid/Downloads/Torrents/[Judas] Gachiakuta - S01E21.mkv | length=1420.43 | time=1420.085
[Monday/December 15/12/2025 09:50:53] /home/faarid/Downloads/Torrents/[Judas] Gachiakuta - S01E22.mkv | length=1420.43 | time=0
[Monday/December 15/12/2025 10:14:02] /home/faarid/Downloads/Torrents/[Judas] Gachiakuta - S01E23.mkv | length=1420.43 | time=1332.748
[Monday/December 15/12/2025 10:14:34] /home/faarid/Downloads/Torrents/[Judas] Gachiakuta - S01E23.mkv | length=1420.43 | time=790.498
[Monday/December 15/12/2025 10:19:47] /home/faarid/Downloads/Torrents/[Judas] Gachiakuta - S01E21.mkv | length=1420.43 | time=1108.024
[Monday/December 15/12/2025 19:43:54] /home/faarid/Downloads/Torrents/[Judas] Boku no Hero Academia - S08E11.mkv | length=1400.084 | time=141.558
[Monday/December 15/12/2025 19:44:48] /home/faarid/Downloads/Torrents/[Judas] Boku no Hero Academia - S08E11.mkv | length=1400.084 | time=0
[Monday/December 15/12/2025 19:54:30] "s01e17-1080p.mp4" | https://static.heartshine.gay/g4-fim/s01e17-1080p.mp4 | length=1321.109 | time=0.16683333333333
[Monday/December 15/12/2025 20:32:00] /home/faarid/Downloads/Torrents/[Judas] Boku no Hero Academia - S08E11.mkv | length=1400.084 | time=1399.106
[Monday/December 15/12/2025 20:58:58] "A CHRISTMAS HORROR GAME (Christmas Story)" | https://www.youtube.com/watch?v=gyYk00mxN_c | length=2437.621 | time=954.9
[Tuesday/December 16/12/2025 09:40:48] "A CHRISTMAS HORROR GAME (Christmas Story)" | https://www.youtube.com/watch?v=gyYk00mxN_c | length=2437.621 | time=1509.275289335
[Tuesday/December 16/12/2025 10:03:58] "A CHRISTMAS HORROR GAME (Christmas Story)" | https://www.youtube.com/watch?v=gyYk00mxN_c | length=2437.621 | time=2437.6086249997
[Tuesday/December 16/12/2025 12:56:08] /home/faarid/Games/CLANNAD/mov/op00.wmv | length=153.262 | time=17.394
[Tuesday/December 16/12/2025 12:56:32] /home/faarid/Games/CLANNAD/mov/op00.mpg | length=153.216 | time=20.387033333333
[Tuesday/December 16/12/2025 12:56:35] /home/faarid/Games/CLANNAD/mov/op00_kfx.wmv | length=153.262 | time=1.778
[Tuesday/December 16/12/2025 13:23:48] /home/faarid/Videos/.yt-dlp/米津玄師　ハチ - 🫵😭  「IRIS OUT」 #レゼダンス　#チェンソーマン　#RezeDance #ChainsawMan #IRISOUT.mp4 | length=16.554666666667 | time=16
[Tuesday/December 16/12/2025 15:01:20] /home/faarid/Videos/.yt-dlp/THE AMAZING DIGITAL CIRCUS - Ep 7： Beach Episode.webm | length=1975.408 | time=1975.3876249987
[Tuesday/December 16/12/2025 23:59:51] /home/faarid/Videos/.yt-dlp/Rock Solid - https：⧸⧸t.co⧸1UgwCueTPd.mp4 | length=16.207528344671 | time=4.4333333333333
[Wednesday/December 17/12/2025 00:15:36] /home/faarid/Videos/.yt-dlp/nini - gmm moots 💗.mp4 | length=39.195283446712 | time=39.195283446711
[Thursday/December 18/12/2025 10:34:20] /home/faarid/Videos/.yt-dlp/Snakes on a plane ｜ Silent Hill 2 #21.webm | length=3433.568 | time=2339.4
[Thursday/December 18/12/2025 10:49:39] /home/faarid/Downloads/Torrents/Chainsaw Man – The Movie Reze Arc (2025) [WEB] [4K] [AV1] [ItachiUchiha].mkv | length=6015.56 | time=130.213
[Friday/December 19/12/2025 15:29:12] /home/faarid/Music/Fate⧸stay night Heaven's Feel III spring song OST - Why I fight ~EMIYA~(spring song 2020 Full ver.).m4a | length=512.13931972789 | time=18.198049886621
[Friday/December 19/12/2025 20:15:45] "NEET Kunoichi to Nazeka Dousei Hajimemashita Episode 5" | https://rainveil36.xyz/_v7/11f01f2af6a429a2c00f2710f773fb4554dffdcf5339f315fedbc18bae42699a9b9618e93ab73bb2a864a71ca4a686e98c703133d0c0ad54bf04b19157b93401c9315f6fa756cb6bac40c128014c439b6a36eace7d08b0d72265b0342f0c126e01a1f90134d10ba396373581ab7a88c226e3ad7acc7fa2920a0b4d82255cfa34/index-f1-v1-a1.m3u8 | length=1442.44 | time=59.56
[Friday/December 19/12/2025 22:54:39] "The.Truman.Show.1998.1080p.BluRay.x264.YIFY.mp4" | http://localhost:8888/webtorrent/8949ece93d7bb1112353e98d34cce23996adf2a7/The%20Truman%20Show%20(1998)%20%5B1080p%5D/The.Truman.Show.1998.1080p.BluRay.x264.YIFY.mp4 | length=6177.024 | time=6170.9981666667
[Saturday/December 20/12/2025 00:06:10] /home/faarid/Videos/.yt-dlp/ティーンエイジブルー (Teenage Blue) – Eve Music Video.webm | length=225.908 | time=221.167
[Saturday/December 20/12/2025 00:10:14] /home/faarid/Videos/.yt-dlp/THE AMAZING DIGITAL CIRCUS - Ep 7： Beach Episode.webm | length=1975.408 | time=1397.15
[Saturday/December 20/12/2025 01:22:53] /home/faarid/Videos/.yt-dlp/Teenage Blue.mp4 | length=225.891 | time=1.3333333333333
[Saturday/December 20/12/2025 13:40:52] "Gachiakuta Episode 22" | https://sunburst93.live/_v7/bd05ffa27c64120bc6849f4ec47793c9de5b8a60c86d74aa528a2a450740f5919255401368067f1399b0fa0317434d3e65fd0fab81b0655183e10920e478ccce0eededdf1a81c1021008388cb04a5d15ac3b61819052c8fea387995d66788566124dbf68b991a23b2cac115140ea500bfba957617577a2d3b7b8be06c47f03b6/index-f1-v1-a1.m3u8 | length=1420.08 | time=4.4
[Saturday/December 20/12/2025 13:43:39] "Gachiakuta Episode 21" | https://haildrop77.pro/_v7/36702889081c6500463d3a896c2a30a0e3c143b08b7e0eccd600077188e54ff67afab1a5bc92bd0cb06bb23fe6b66b54172f5ed9be566002cdd76cca117947c36795007a62287057f320829dd20ed38a4f4b2fdcc5390d1c8629a20950542108228bedb42fbde29af254a077997f3ef7039d0c20c4fc144d210f64c59a0876f7/index-f1-v1-a1.m3u8 | length=1420.12 | time=1072.92
[Saturday/December 20/12/2025 16:29:22] /home/faarid/Videos/.webms/[Judas] Gachiakuta - S01E21-[16.52.637-17.58.159]-audio.webm | length=65.523 | time=1.376
[Sunday/December 21/12/2025 13:09:51] /home/faarid/Videos/.yt-dlp/Underdog - Eve Music Video.webm | length=243.908 | time=235.875
[Sunday/December 21/12/2025 16:48:46] /home/faarid/Videos/.yt-dlp/Snakes on a plane ｜ Silent Hill 2 #21.webm | length=3433.568 | time=2441.117
[Sunday/December 21/12/2025 17:55:37] /home/faarid/Videos/.yt-dlp/I Thought This Was a Cozy Game… I Was Wrong. (Voice Actor Reacts).webm | length=5168.588 | time=4.483
[Monday/December 22/12/2025 01:28:06] /home/faarid/Downloads/Torrents/[Judas] Gachiakuta - S01E24.mkv | length=1435.072 | time=406.156
[Monday/December 22/12/2025 01:50:32] /home/faarid/Downloads/Torrents/[Judas] Gachiakuta - S01E24.mkv | length=1435.072 | time=1435.0723333333
[Monday/December 22/12/2025 02:01:52] /home/faarid/Downloads/Torrents/Chainsaw Man – The Movie Reze Arc (2025) [WEB] [4K] [AV1] [ItachiUchiha].mkv | length=6015.56 | time=324.115
[Monday/December 22/12/2025 04:11:32] "At Dead of Night SPECIAL FINALE" | https://youtu.be/i8rHcYHCi0Q | length=4742.661 | time=0
[Monday/December 22/12/2025 11:21:31] /home/faarid/Downloads/Torrents/[sam] Chainsaw Man - The Movie Reze Arc (2025) [WEB 1080p EAC-3] [C24C4DD1].mkv | length=5999.501 | time=509.718
[Monday/December 22/12/2025 11:30:36] /home/faarid/Downloads/Torrents/[sam] Chainsaw Man - The Movie Reze Arc (2025) [WEB 1080p EAC-3] [C24C4DD1].mkv | length=5999.501 | time=913.371
[Monday/December 22/12/2025 13:04:06] /home/faarid/Downloads/Torrents/[sam] Chainsaw Man - The Movie Reze Arc (2025) [WEB 1080p EAC-3] [C24C4DD1].mkv | length=5999.501 | time=5999.452
[Monday/December 22/12/2025 13:08:48] "At Dead of Night SPECIAL FINALE" | https://youtu.be/i8rHcYHCi0Q | length=4742.661 | time=1523.5333333333
[Monday/December 22/12/2025 20:48:01] "Fairy Tail Episode 123" | https://video.wixstatic.com/video/47c7eb_e14fe56432954afcab7929ced1c6e3d6/1080p/mp4/file.mp4 | length=1467.0071888729 | time=0.62562499170083
[Monday/December 22/12/2025 20:48:02] "Fairy Tail Episode 123" | https://video.wixstatic.com/video/47c7eb_e14fe56432954afcab7929ced1c6e3d6/1080p/mp4/file.mp4 | length=1467.0071888729 | time=1.4180833145219
[Monday/December 22/12/2025 20:52:17] "Fairy Tail Episode 123" | https://tools.fast4speed.rsvp//videos/9baNLXs8eEENdWtDs/sub/123 | length=1467.0071888889 | time=266.8082
[Monday/December 22/12/2025 21:05:28] "Fairy Tail Episode 123" | https://video.wixstatic.com/video/47c7eb_e14fe56432954afcab7929ced1c6e3d6/1080p/mp4/file.mp4 | length=1467.0071888729 | time=1372.3709817949
[Monday/December 22/12/2025 21:45:51] "Fairy Tail Episode 124" | https://video.wixstatic.com/video/395c0c_3e9b81b9fc0c47feb0b840ec8f25ee4b/1080p/mp4/file.mp4 | length=1466.9654777652 | time=98.223123511229
[Wednesday/December 24/12/2025 15:57:15] "【崩壊：スターレイル】2ndアニバーサリー スペシャルアニメ「旅の途中で」" | https://youtu.be/sduHTO2TuYY | length=176.441 | time=28.75
[Wednesday/December 24/12/2025 15:59:59] "【崩壊：スターレイル】2ndアニバーサリー スペシャルアニメ「旅の途中で」" | https://youtu.be/sduHTO2TuYY | length=176.441 | time=171.20833333333
[Friday/December 26/12/2025 08:13:57] /home/faarid/Downloads/Torrents/[Foxtrot] Look Back (2024) [WEB 1080p EAC3] [Dual Audio] [3AA71079].mkv | length=3434.016 | time=1.958
[Friday/December 26/12/2025 19:12:36] "THE MENACE OF ELDIA, FaZe GABI, AND THE BLACK AIR FORCE RUMBLING" | https://www.youtube.com/watch?v=8slK_5EMWiI | length=1050.481 | time=5.9642916666667
[Friday/December 26/12/2025 19:15:32] "THE MENACE OF ELDIA, FaZe GABI, AND THE BLACK AIR FORCE RUMBLING" | https://www.youtube.com/watch?v=8slK_5EMWiI | length=1050.481 | time=17.5175
[Friday/December 26/12/2025 19:24:28] "THE MENACE OF ELDIA, FaZe GABI, AND THE BLACK AIR FORCE RUMBLING" | https://www.youtube.com/watch?v=8slK_5EMWiI | length=1050.517016 | time=414.12203333333
[Friday/December 26/12/2025 19:32:31] /home/faarid/Videos/.yt-dlp/Your Typical Local Man - https：⧸⧸t.co⧸c4dxcPzvXg.mp4 | length=11.772517006803 | time=1.0333333333333
[Friday/December 26/12/2025 19:33:26] /home/faarid/Videos/.yt-dlp/hotdog - ICANT FUCKING BREATHE AT THIS.mp4 | length=7.1749659863946 | time=7.1749659863945
[Friday/December 26/12/2025 19:44:08] /home/faarid/Videos/.yt-dlp/Chevy - Hope Is The Thing With Feathers & Had I Not Seen The Sun (Star Rail LIVE 2025).webm | length=477.448 | time=243.28
[Friday/December 26/12/2025 19:44:10] /home/faarid/Videos/.yt-dlp/Daisy（TVアニメ『境界の彼方』EDテーマ）- STEREO DIVE FOUNDATION - [Official Video].webm | length=279.548 | time=10.878
[Friday/December 26/12/2025 19:48:15] /home/faarid/Videos/.yt-dlp/Hope Is The Thing With Feathers (Robin⧸Chevy) AMV⧸GMV Edit ｜ Penacony — Honkai： Star Rail.webm | length=293.528 | time=242.1
[Friday/December 26/12/2025 19:48:25] /home/faarid/Videos/.yt-dlp/＂In Another Life＂ - Millennium Idol 【MV】Honkai： Star Rail x DillonGoo.webm | length=307.128 | time=24.167
[Friday/December 26/12/2025 19:48:28] /home/faarid/Videos/.yt-dlp/🕊️ - https：⧸⧸t.co⧸6pGSmSpnAu.mp4 | length=19.776 | time=0.1
[Friday/December 26/12/2025 19:48:29] /home/faarid/Videos/.yt-dlp/📱Shitpost Reels📱 - https：⧸⧸t.co⧸Fr3C4dCvkN.mp4 | length=29.907301587302 | time=0.73333333333333
[Friday/December 26/12/2025 19:48:29] /home/faarid/Videos/.yt-dlp/＂In Another Life＂ - Millennium Idol 【MV】Honkai： Star Rail x DillonGoo.webm | length=307.128 | time=0.083
[Friday/December 26/12/2025 19:48:29] /home/faarid/Videos/.yt-dlp/約束の絆 「境界の彼方」第六話插曲.webm | length=269.508 | time=0.042
[Friday/December 26/12/2025 19:48:29] /home/faarid/Videos/.yt-dlp/米津玄師　ハチ - 🫵😭  「IRIS OUT」 #レゼダンス　#チェンソーマン　#RezeDance #ChainsawMan #IRISOUT.mp4 | length=16.554666666667 | time=0.066666666666667
[Friday/December 26/12/2025 19:48:29] /home/faarid/Videos/.yt-dlp/ティーンエイジブルー (Teenage Blue) – Eve 「アオのハコ」SPECIAL MV.mkv | length=228.848 | time=0.042
[Friday/December 26/12/2025 19:48:30] /home/faarid/Videos/.yt-dlp/【崩壊：スターレイル】To the Moon ⧸ 鹿乃【HoYoFair】.webm | length=223.268 | time=0.133
[Friday/December 26/12/2025 19:48:30] /home/faarid/Videos/.yt-dlp/Your Typical Local Man - https：⧸⧸t.co⧸vf3QW3ZQU0.mp4 | length=69.427664399093 | time=0.033333333333333
[Friday/December 26/12/2025 19:48:30] /home/faarid/Videos/.yt-dlp/Your Typical Local Man - https：⧸⧸t.co⧸NESlGXVdB7.mp4 | length=7.0820861678005 | time=0.033333333333333
[Friday/December 26/12/2025 19:48:30] /home/faarid/Videos/.yt-dlp/Why are we doing this？ ｜ Silent Hill 2 #22.webm | length=3747.988 | time=0.05
[Friday/December 26/12/2025 19:48:30] /home/faarid/Videos/.yt-dlp/Underdog - Eve Music Video.webm | length=243.908 | time=0.083
[Friday/December 26/12/2025 19:48:30] /home/faarid/Videos/.yt-dlp/TVアニメ『サマータイムレンダ』“失恋ソング沢山聴いて 泣いてばかりの私はもう。”コラボPV※最終話を含むシーンを使用しています※.webm | length=298.928 | time=0.083
[Friday/December 26/12/2025 19:48:31] /home/faarid/Videos/.yt-dlp/This is devastating ｜ Silent Hill 2 #23.webm | length=4279.728 | time=0.067
[Friday/December 26/12/2025 19:48:31] /home/faarid/Videos/.yt-dlp/Summer Time Render - Ending ｜ FULL HD [1080p].mkv | length=90.108 | time=0.1
[Friday/December 26/12/2025 19:48:31] /home/faarid/Videos/.yt-dlp/Snakes on a plane ｜ Silent Hill 2 #21.webm | length=3433.568 | time=0.067
[Friday/December 26/12/2025 19:48:31] /home/faarid/Videos/.yt-dlp/Rock Solid - https：⧸⧸t.co⧸1UgwCueTPd.mp4 | length=16.207528344671 | time=0.1
[Friday/December 26/12/2025 19:48:31] /home/faarid/Videos/.yt-dlp/reze.gif | length=2.17 | time=0.07
[Friday/December 26/12/2025 19:48:32] /home/faarid/Videos/.yt-dlp/Machine Love (feat. Neuro-sama) - Neuro-sama Community Collab.mkv | length=292.968 | time=0.1
[Friday/December 26/12/2025 19:48:32] /home/faarid/Videos/.yt-dlp/Jingliu 【崩壊：スターレイル】秘色の月 - HoYofair 2025【にじさんじ_リゼ・ヘルエスタ】.mp4 | length=271.55736961451 | time=0.1
[Friday/December 26/12/2025 19:48:32] /home/faarid/Videos/.yt-dlp/I Thought This Was a Cozy Game… I Was Wrong. (Voice Actor Reacts).webm | length=5168.588 | time=0.067
[Friday/December 26/12/2025 19:48:32] /home/faarid/Videos/.yt-dlp/I completely FUMBLED with this girl- Therapist Plays Doki Doki Literature Club - 10.webm | length=4478.968 | time=0.067
[Friday/December 26/12/2025 19:48:32] /home/faarid/Videos/.yt-dlp/I am DEEPLY impressed with this - Therapist Plays Silent Hill f - 1.webm | length=4974.208 | time=0.1
[Friday/December 26/12/2025 19:48:33] /home/faarid/Videos/.yt-dlp/hotdog - ICANT FUCKING BREATHE AT THIS.mp4 | length=7.1749659863946 | time=0.1001
[Friday/December 26/12/2025 19:48:33] /home/faarid/Videos/.yt-dlp/Hope Is The Thing With Feathers (Robin⧸Chevy) AMV⧸GMV Edit ｜ Penacony — Honkai： Star Rail.webm | length=293.528 | time=0.067
[Friday/December 26/12/2025 19:48:33] /home/faarid/Videos/.yt-dlp/FRIESENJUNG - ＂HSR - The Herta＂ Animation meme.webm | length=38.408 | time=0.133
[Friday/December 26/12/2025 19:48:33] /home/faarid/Videos/.yt-dlp/Fate⧸stay night Heaven's Feel III spring song OST - Why I fight ~EMIYA~(spring song 2020 Full ver.).webm | length=512.108 | time=0.167
[Friday/December 26/12/2025 19:48:33] /home/faarid/Videos/.yt-dlp/Daisy（TVアニメ『境界の彼方』EDテーマ）- STEREO DIVE FOUNDATION - [Official Video].webm | length=279.548 | time=0.133
[Friday/December 26/12/2025 19:48:33] /home/faarid/Videos/.yt-dlp/Chiyo & Friends - https：⧸⧸t.co⧸Rg4lniF4Gn.mp4 | length=6.269387755102 | time=0.13333333333333
[Friday/December 26/12/2025 19:48:34] /home/faarid/Videos/.yt-dlp/Chevy - Hope Is The Thing With Feathers & Had I Not Seen The Sun (Star Rail LIVE 2025).webm | length=477.448 | time=0.12
[Friday/December 26/12/2025 19:48:36] /home/faarid/Videos/.yt-dlp/b7wenty - https：⧸⧸t.co⧸127RyWjkgC.mp4 | length=6.5015873015873 | time=2.6
[Friday/December 26/12/2025 19:57:08] /home/faarid/Videos/.yt-dlp/Animated Short： The Embers of Glamoth ｜ Honkai： Star Rail.webm | length=363.608 | time=360.792
[Friday/December 26/12/2025 20:23:40] "How To Beat The HAUNTED HOUSE In The Conjuring 2" | https://youtu.be/l830IK5vqe0 | length=2045.721 | time=1.126125
[Friday/December 26/12/2025 20:24:18] "How To Beat The HAUNTED HOUSE In The Conjuring 2" | https://youtu.be/l830IK5vqe0 | length=2045.721 | time=1311.1014583333
[Friday/December 26/12/2025 20:37:03] "How To Beat The HAUNTED HOUSE In The Conjuring 2" | https://youtu.be/l830IK5vqe0 | length=2045.721 | time=2029.528
[Friday/December 26/12/2025 21:54:59] /home/faarid/Videos/.yt-dlp/nini - gmm moots 💗.mp4 | length=39.195283446712 | time=1.1666666666667
[Friday/December 26/12/2025 22:00:03] "Sis Puella Magica! (Extended Reimagined Version)" | https://www.youtube.com/watch?v=UqpttJ4SFXU | length=409.081 | time=0
[Friday/December 26/12/2025 22:05:36] "Sis Puella Magica! (Extended Reimagined Version)" | https://www.youtube.com/watch?v=UqpttJ4SFXU | length=409.081 | time=305.76
[Friday/December 26/12/2025 22:06:17] /home/faarid/Downloads/Quick Share/PXEPzi3XjQnCc3AC.mp4 | length=42.074557823129 | time=39.733333333333
[Friday/December 26/12/2025 22:06:20] /home/faarid/Downloads/Quick Share/g8cYdi5X2lW3OAo2.mp4 | length=85.194013605442 | time=1.835
[Friday/December 26/12/2025 22:08:49] /home/faarid/Downloads/Quick Share/jojo_asmr_-20251226-0001.mp4 | length=91.067256235828 | time=90.966666666667
[Friday/December 26/12/2025 22:11:03] /home/faarid/Downloads/Quick Share/jojo_asmr_-20251226-0001.mp4 | length=91.067256235828 | time=88.166666666667
[Friday/December 26/12/2025 22:11:54] /home/faarid/Downloads/Quick Share/jojo_asmr_-20251226-0002.mp4 | length=51.268253968254 | time=50.466666666667
[Friday/December 26/12/2025 22:18:58] /home/faarid/Downloads/Quick Share/jojo_asmr_-20251226-0002.mp4 | length=51.268253968254 | time=0
[Friday/December 26/12/2025 22:20:29] "Uma Musume Pretty Derby Episode 1" | https://video.wixstatic.com/video/73c9a9_550523caaf924157925e4c8aadf57179/1080p/mp4/file.mp4 | length=1435.1090022676 | time=0
[Friday/December 26/12/2025 22:20:41] /home/faarid/Downloads/Quick Share/jojo_asmr_-20251226-0002.mp4 | length=51.268253968254 | time=36.266666666667
[Friday/December 26/12/2025 22:24:36] "Uma Musume Pretty Derby Episode 1" | https://video.wixstatic.com/video/73c9a9_550523caaf924157925e4c8aadf57179/1080p/mp4/file.mp4 | length=1435.1090022676 | time=225.350125
[Friday/December 26/12/2025 22:24:45] /home/faarid/Downloads/Quick Share/PXEPzi3XjQnCc3AC.mp4 | length=42.074557823129 | time=2.1666666666667
[Friday/December 26/12/2025 22:25:08] /home/faarid/Downloads/Quick Share/I3tZhmdV1YFPW1rV.mp4 | length=27.585306122449 | time=22.2
[Friday/December 26/12/2025 22:25:38] /home/faarid/Downloads/Quick Share/PXEPzi3XjQnCc3AC.mp4 | length=42.074557823129 | time=29.1
[Friday/December 26/12/2025 22:25:58] /home/faarid/Downloads/Quick Share/gE5Owt2B5sqM7uxh.mp4 | length=14.558911564626 | time=14.558911564626
[Friday/December 26/12/2025 23:06:05] "[Judas] Gachiakuta - S01E21.mkv" | http://localhost:45031/webtorrent/d607336ac9773d88b6824e5e0cd5aa5e396c5e00/[Judas] Gachiakuta - S01E21.mkv | length=1420.43 | time=1082.873
[Friday/December 26/12/2025 23:22:59] /home/faarid/Downloads/Torrents/[YURI] Maoyu ~ Archenemy & Hero (Maoyuu Maou Yuusha) [BD 1080p x264 10bit FLAC]/[YURI] Maoyu Archenemy & Hero  S01E01 [BD 1080p x264 10bit FLAC].mkv | length=1421.005 | time=1420.9815
[Friday/December 26/12/2025 23:47:08] /home/faarid/Downloads/Torrents/[YURI] Maoyu ~ Archenemy & Hero (Maoyuu Maou Yuusha) [BD 1080p x264 10bit FLAC]/[YURI] Maoyu Archenemy & Hero  S01E02 [BD 1080p x264 10bit FLAC].mkv | length=1421.13 | time=1421.086
[Saturday/December 27/12/2025 00:12:48] /home/faarid/Downloads/Torrents/[YURI] Maoyu ~ Archenemy & Hero (Maoyuu Maou Yuusha) [BD 1080p x264 10bit FLAC]/[YURI] Maoyu Archenemy & Hero  S01E03 [BD 1080p x264 10bit FLAC].mkv | length=1421.005 | time=1416.707
[Saturday/December 27/12/2025 13:08:26] /home/faarid/Downloads/Torrents/[YURI] Maoyu ~ Archenemy & Hero (Maoyuu Maou Yuusha) [BD 1080p x264 10bit FLAC]/[YURI] Maoyu Archenemy & Hero  S01E04 [BD 1080p x264 10bit FLAC].mkv | length=1420.88 | time=0
[Saturday/December 27/12/2025 13:19:20] /home/faarid/Downloads/zansanzen-20251121-0001.mp4 | length=21.546712018141 | time=20
[Saturday/December 27/12/2025 13:19:32] /home/faarid/Downloads/Acing_Discrete_Math.mp4 | length=421.07065759637 | time=1.7916666666667
[Saturday/December 27/12/2025 13:19:55] /home/faarid/Videos/.webms/index-f1-v1-a1-[19.36.200-19.48.120]-audio.webm | length=8.918 | time=8.9323333333334
[Saturday/December 27/12/2025 13:20:21] /home/faarid/Videos/.yt-dlp/ティーンエイジブルー (Teenage Blue) – Eve Music Video.webm | length=225.908 | time=3.083
[Saturday/December 27/12/2025 13:27:42] /home/faarid/Downloads/Torrents/[YURI] Maoyu ~ Archenemy & Hero (Maoyuu Maou Yuusha) [BD 1080p x264 10bit FLAC]/[YURI] Maoyu Archenemy & Hero  S01E04 [BD 1080p x264 10bit FLAC].mkv | length=1420.88 | time=459.292
[Saturday/December 27/12/2025 15:32:01] /home/faarid/Downloads/Torrents/Sonic The Hedgehog 3 (2024) [REPACK] [1080p] [BluRay] [5.1] [YTS.MX]/Sonic.The.Hedgehog.3.2024.REPACK.1080p.BluRay.x264.AAC5.1-[YTS.MX].mp4 | length=6605.34875 | time=1339.2545833333
[Saturday/December 27/12/2025 15:44:08] /home/faarid/Downloads/Torrents/Sonic The Hedgehog 3 (2024) [REPACK] [1080p] [BluRay] [5.1] [YTS.MX]/Sonic.The.Hedgehog.3.2024.REPACK.1080p.BluRay.x264.AAC5.1-[YTS.MX].mp4 | length=6605.34875 | time=1989.4457916667
[Saturday/December 27/12/2025 17:00:09] /home/faarid/Downloads/Torrents/Sonic The Hedgehog 3 (2024) [REPACK] [1080p] [BluRay] [5.1] [YTS.MX]/Sonic.The.Hedgehog.3.2024.REPACK.1080p.BluRay.x264.AAC5.1-[YTS.MX].mp4 | length=6605.34875 | time=6600.8025416667
[Saturday/December 27/12/2025 17:00:56] /home/faarid/Videos/.yt-dlp/【DELTARUNE】散り散り - Full Fan Animation.webm | length=119.048 | time=23.467
[Saturday/December 27/12/2025 17:13:08] /home/faarid/Videos/.yt-dlp/【DELTARUNE】散り散り - Full Fan Animation.webm | length=119.048 | time=108.1
[Saturday/December 27/12/2025 19:04:52] /home/faarid/Downloads/Torrents/Five Nights At Freddys 2 (2025) [2160p] [4K] [WEB] [5.1] [YTS.LT]/Five.Nights.At.Freddys.2.2025.2160p.4K.WEB.x265.10bit.AAC5.1-[YTS.LT].mkv | length=6246.923 | time=470.303
[Sunday/December 28/12/2025 00:47:31] /home/faarid/Downloads/Torrents/Five Nights At Freddys 2 (2025) [2160p] [4K] [WEB] [5.1] [YTS.LT]/Five.Nights.At.Freddys.2.2025.2160p.4K.WEB.x265.10bit.AAC5.1-[YTS.LT].mkv | length=6246.923 | time=0
[Sunday/December 28/12/2025 15:19:56] /home/faarid/Videos/.yt-dlp/Your Typical Local Man - https：⧸⧸t.co⧸c4dxcPzvXg.mp4 | length=11.772517006803 | time=0.6
[Sunday/December 28/12/2025 15:24:00] /home/faarid/Downloads/Torrents/Five Nights At Freddys 2 (2025) [2160p] [4K] [WEB] [5.1] [YTS.LT]/Five.Nights.At.Freddys.2.2025.2160p.4K.WEB.x265.10bit.AAC5.1-[YTS.LT].mkv | length=6246.923 | time=6246.8906663185
[Sunday/December 28/12/2025 16:01:54] /home/faarid/Videos/.yt-dlp/Silent Hill f - Part 10.webm | length=5158.788 | time=584.267
[Sunday/December 28/12/2025 22:21:16] /home/faarid/Downloads/Torrents/[YURI] Maoyu ~ Archenemy & Hero (Maoyuu Maou Yuusha) [BD 1080p x264 10bit FLAC]/[YURI] Maoyu Archenemy & Hero  S01E01 [BD 1080p x264 10bit FLAC].mkv | length=1421.005 | time=0
[Sunday/December 28/12/2025 22:24:10] /home/faarid/Videos/.webms/[YURI] Maoyu Archenemy & Hero  S01E01 [BD 1080p x264 10bit FLAC]-[04.27.349-04.36.276]-audio.webm | length=8.926 | time=0
[Sunday/December 28/12/2025 23:06:54] /home/faarid/Downloads/Torrents/[YURI] Maoyu ~ Archenemy & Hero (Maoyuu Maou Yuusha) [BD 1080p x264 10bit FLAC]/[YURI] Maoyu Archenemy & Hero  S01E01 [BD 1080p x264 10bit FLAC].mkv | length=1421.005 | time=276.276
[Sunday/December 28/12/2025 23:06:56] /home/faarid/Videos/.webms/[YURI] Maoyu Archenemy & Hero  S01E01 [BD 1080p x264 10bit FLAC]-[04.27.349-04.36.276]-audio.webm | length=8.926 | time=8.9276666666667
[Monday/December 29/12/2025 10:47:45] /home/faarid/Videos/.yt-dlp/Zero to IDE with LazyVim.webm | length=1018.968 | time=0
